[0.581s] Invoking command in '/home/tony/town_ws/src/village_li': CMAKE_PREFIX_PATH=/home/tony/town_ws/install/village_interfaces:/home/tony/town_ws/install/village_zhang:/home/tony/town_ws/install/village_wang PYTHONPATH=/home/tony/town_ws/build/village_li/prefix_override:/home/tony/town_ws/install/village_li/lib/python3.8/site-packages:/home/tony/town_ws/install/village_interfaces/lib/python3.8/site-packages:/home/tony/town_ws/install/village_li/lib/python3.8/site-packages:/opt/ros/foxy/lib/python3.8/site-packages /usr/bin/python3 -W ignore:setup.py install is deprecated setup.py egg_info --egg-base ../../build/village_li build --build-base /home/tony/town_ws/build/village_li/build install --record /home/tony/town_ws/build/village_li/install.log --install-scripts $base/lib/village_li --single-version-externally-managed install_data
[0.787s] running egg_info
[0.787s] creating ../../build/village_li/village_li.egg-info
[0.787s] writing ../../build/village_li/village_li.egg-info/PKG-INFO
[0.788s] writing dependency_links to ../../build/village_li/village_li.egg-info/dependency_links.txt
[0.788s] writing entry points to ../../build/village_li/village_li.egg-info/entry_points.txt
[0.788s] writing requirements to ../../build/village_li/village_li.egg-info/requires.txt
[0.788s] writing top-level names to ../../build/village_li/village_li.egg-info/top_level.txt
[0.789s] writing manifest file '../../build/village_li/village_li.egg-info/SOURCES.txt'
[0.816s] reading manifest file '../../build/village_li/village_li.egg-info/SOURCES.txt'
[0.817s] writing manifest file '../../build/village_li/village_li.egg-info/SOURCES.txt'
[0.817s] running build
[0.817s] running build_py
[0.817s] creating /home/tony/town_ws/build/village_li/build
[0.817s] creating /home/tony/town_ws/build/village_li/build/lib
[0.817s] creating /home/tony/town_ws/build/village_li/build/lib/village_li
[0.818s] copying village_li/__init__.py -> /home/tony/town_ws/build/village_li/build/lib/village_li
[0.818s] copying village_li/li4.py -> /home/tony/town_ws/build/village_li/build/lib/village_li
[0.818s] copying village_li/li3.py -> /home/tony/town_ws/build/village_li/build/lib/village_li
[0.818s] running install
[0.818s] running install_lib
[0.819s] creating /home/tony/town_ws/install/village_li/lib/python3.8/site-packages/village_li
[0.819s] copying /home/tony/town_ws/build/village_li/build/lib/village_li/__init__.py -> /home/tony/town_ws/install/village_li/lib/python3.8/site-packages/village_li
[0.819s] copying /home/tony/town_ws/build/village_li/build/lib/village_li/li4.py -> /home/tony/town_ws/install/village_li/lib/python3.8/site-packages/village_li
[0.819s] copying /home/tony/town_ws/build/village_li/build/lib/village_li/li3.py -> /home/tony/town_ws/install/village_li/lib/python3.8/site-packages/village_li
[0.819s] byte-compiling /home/tony/town_ws/install/village_li/lib/python3.8/site-packages/village_li/__init__.py to __init__.cpython-38.pyc
[0.820s] byte-compiling /home/tony/town_ws/install/village_li/lib/python3.8/site-packages/village_li/li4.py to li4.cpython-38.pyc
[0.821s] byte-compiling /home/tony/town_ws/install/village_li/lib/python3.8/site-packages/village_li/li3.py to li3.cpython-38.pyc
[0.821s] running install_data
[0.821s] creating /home/tony/town_ws/install/village_li/share/ament_index
[0.821s] creating /home/tony/town_ws/install/village_li/share/ament_index/resource_index
[0.821s] creating /home/tony/town_ws/install/village_li/share/ament_index/resource_index/packages
[0.821s] copying resource/village_li -> /home/tony/town_ws/install/village_li/share/ament_index/resource_index/packages
[0.821s] copying package.xml -> /home/tony/town_ws/install/village_li/share/village_li
[0.822s] running install_egg_info
[0.823s] Copying ../../build/village_li/village_li.egg-info to /home/tony/town_ws/install/village_li/lib/python3.8/site-packages/village_li-0.0.0-py3.8.egg-info
[0.823s] running install_scripts
[0.837s] Installing li3_node script to /home/tony/town_ws/install/village_li/lib/village_li
[0.837s] Installing li4_node script to /home/tony/town_ws/install/village_li/lib/village_li
[0.837s] writing list of installed files to '/home/tony/town_ws/build/village_li/install.log'
[0.855s] Invoked command in '/home/tony/town_ws/src/village_li' returned '0': CMAKE_PREFIX_PATH=/home/tony/town_ws/install/village_interfaces:/home/tony/town_ws/install/village_zhang:/home/tony/town_ws/install/village_wang PYTHONPATH=/home/tony/town_ws/build/village_li/prefix_override:/home/tony/town_ws/install/village_li/lib/python3.8/site-packages:/home/tony/town_ws/install/village_interfaces/lib/python3.8/site-packages:/home/tony/town_ws/install/village_li/lib/python3.8/site-packages:/opt/ros/foxy/lib/python3.8/site-packages /usr/bin/python3 -W ignore:setup.py install is deprecated setup.py egg_info --egg-base ../../build/village_li build --build-base /home/tony/town_ws/build/village_li/build install --record /home/tony/town_ws/build/village_li/install.log --install-scripts $base/lib/village_li --single-version-externally-managed install_data
