[0.144s] DEBUG:colcon:Command line arguments: ['/usr/bin/colcon', 'build']
[0.144s] DEBUG:colcon:Parsed command line arguments: Namespace(allow_overriding=[], ament_cmake_args=None, base_paths=['.'], build_base='build', catkin_cmake_args=None, catkin_skip_building_tests=False, cmake_args=None, cmake_clean_cache=False, cmake_clean_first=False, cmake_force_configure=False, cmake_target=None, cmake_target_skip_unavailable=False, continue_on_error=False, event_handlers=None, executor='parallel', ignore_user_meta=False, install_base='install', log_base=None, log_level=None, main=<bound method BuildVerb.main of <colcon_core.verb.build.BuildVerb object at 0x7f4c585c40d0>>, merge_install=False, metas=['./colcon.meta'], packages_above=None, packages_above_and_dependencies=None, packages_above_depth=None, packages_end=None, packages_ignore=None, packages_ignore_regex=None, packages_select=None, packages_select_build_failed=False, packages_select_by_dep=None, packages_select_regex=None, packages_select_test_failures=False, packages_skip=None, packages_skip_build_finished=False, packages_skip_by_dep=None, packages_skip_regex=None, packages_skip_test_passed=False, packages_skip_up_to=None, packages_start=None, packages_up_to=None, packages_up_to_regex=None, parallel_workers=16, paths=None, symlink_install=False, test_result_base=None, verb_extension=<colcon_core.verb.build.BuildVerb object at 0x7f4c585c40d0>, verb_name='build', verb_parser=<colcon_defaults.argument_parser.defaults.DefaultArgumentsDecorator object at 0x7f4c58454c10>)
[0.259s] Level 1:colcon.colcon_core.package_discovery:discover_packages(colcon_meta) check parameters
[0.259s] Level 1:colcon.colcon_core.package_discovery:discover_packages(recursive) check parameters
[0.260s] Level 1:colcon.colcon_core.package_discovery:discover_packages(ignore) check parameters
[0.260s] Level 1:colcon.colcon_core.package_discovery:discover_packages(path) check parameters
[0.260s] Level 1:colcon.colcon_core.package_discovery:discover_packages(colcon_meta) discover
[0.260s] Level 1:colcon.colcon_core.package_discovery:discover_packages(recursive) discover
[0.260s] INFO:colcon.colcon_core.package_discovery:Crawling recursively for packages in '/home/tony/town_ws'
[0.260s] Level 1:colcon.colcon_core.package_identification:_identify(.) by extensions ['ignore', 'ignore_ament_install']
[0.260s] Level 1:colcon.colcon_core.package_identification:_identify(.) by extension 'ignore'
[0.260s] Level 1:colcon.colcon_core.package_identification:_identify(.) by extension 'ignore_ament_install'
[0.260s] Level 1:colcon.colcon_core.package_identification:_identify(.) by extensions ['colcon_pkg']
[0.260s] Level 1:colcon.colcon_core.package_identification:_identify(.) by extension 'colcon_pkg'
[0.260s] Level 1:colcon.colcon_core.package_identification:_identify(.) by extensions ['colcon_meta']
[0.260s] Level 1:colcon.colcon_core.package_identification:_identify(.) by extension 'colcon_meta'
[0.260s] Level 1:colcon.colcon_core.package_identification:_identify(.) by extensions ['ros']
[0.260s] Level 1:colcon.colcon_core.package_identification:_identify(.) by extension 'ros'
[0.269s] Level 1:colcon.colcon_core.package_identification:_identify(.) by extensions ['cmake', 'python']
[0.269s] Level 1:colcon.colcon_core.package_identification:_identify(.) by extension 'cmake'
[0.269s] Level 1:colcon.colcon_core.package_identification:_identify(.) by extension 'python'
[0.269s] Level 1:colcon.colcon_core.package_identification:_identify(.) by extensions ['python_setup_py']
[0.269s] Level 1:colcon.colcon_core.package_identification:_identify(.) by extension 'python_setup_py'
[0.269s] Level 1:colcon.colcon_core.package_identification:_identify(build) by extensions ['ignore', 'ignore_ament_install']
[0.269s] Level 1:colcon.colcon_core.package_identification:_identify(build) by extension 'ignore'
[0.269s] Level 1:colcon.colcon_core.package_identification:_identify(build) ignored
[0.270s] Level 1:colcon.colcon_core.package_identification:_identify(install) by extensions ['ignore', 'ignore_ament_install']
[0.270s] Level 1:colcon.colcon_core.package_identification:_identify(install) by extension 'ignore'
[0.270s] Level 1:colcon.colcon_core.package_identification:_identify(install) ignored
[0.270s] Level 1:colcon.colcon_core.package_identification:_identify(log) by extensions ['ignore', 'ignore_ament_install']
[0.270s] Level 1:colcon.colcon_core.package_identification:_identify(log) by extension 'ignore'
[0.270s] Level 1:colcon.colcon_core.package_identification:_identify(log) ignored
[0.270s] Level 1:colcon.colcon_core.package_identification:_identify(src) by extensions ['ignore', 'ignore_ament_install']
[0.270s] Level 1:colcon.colcon_core.package_identification:_identify(src) by extension 'ignore'
[0.270s] Level 1:colcon.colcon_core.package_identification:_identify(src) by extension 'ignore_ament_install'
[0.270s] Level 1:colcon.colcon_core.package_identification:_identify(src) by extensions ['colcon_pkg']
[0.270s] Level 1:colcon.colcon_core.package_identification:_identify(src) by extension 'colcon_pkg'
[0.270s] Level 1:colcon.colcon_core.package_identification:_identify(src) by extensions ['colcon_meta']
[0.270s] Level 1:colcon.colcon_core.package_identification:_identify(src) by extension 'colcon_meta'
[0.270s] Level 1:colcon.colcon_core.package_identification:_identify(src) by extensions ['ros']
[0.270s] Level 1:colcon.colcon_core.package_identification:_identify(src) by extension 'ros'
[0.270s] Level 1:colcon.colcon_core.package_identification:_identify(src) by extensions ['cmake', 'python']
[0.270s] Level 1:colcon.colcon_core.package_identification:_identify(src) by extension 'cmake'
[0.270s] Level 1:colcon.colcon_core.package_identification:_identify(src) by extension 'python'
[0.270s] Level 1:colcon.colcon_core.package_identification:_identify(src) by extensions ['python_setup_py']
[0.270s] Level 1:colcon.colcon_core.package_identification:_identify(src) by extension 'python_setup_py'
[0.270s] Level 1:colcon.colcon_core.package_identification:_identify(src/village_interfaces) by extensions ['ignore', 'ignore_ament_install']
[0.271s] Level 1:colcon.colcon_core.package_identification:_identify(src/village_interfaces) by extension 'ignore'
[0.271s] Level 1:colcon.colcon_core.package_identification:_identify(src/village_interfaces) by extension 'ignore_ament_install'
[0.271s] Level 1:colcon.colcon_core.package_identification:_identify(src/village_interfaces) by extensions ['colcon_pkg']
[0.271s] Level 1:colcon.colcon_core.package_identification:_identify(src/village_interfaces) by extension 'colcon_pkg'
[0.271s] Level 1:colcon.colcon_core.package_identification:_identify(src/village_interfaces) by extensions ['colcon_meta']
[0.271s] Level 1:colcon.colcon_core.package_identification:_identify(src/village_interfaces) by extension 'colcon_meta'
[0.271s] Level 1:colcon.colcon_core.package_identification:_identify(src/village_interfaces) by extensions ['ros']
[0.271s] Level 1:colcon.colcon_core.package_identification:_identify(src/village_interfaces) by extension 'ros'
[0.273s] DEBUG:colcon.colcon_core.package_identification:Package 'src/village_interfaces' with type 'ros.ament_cmake' and name 'village_interfaces'
[0.273s] Level 1:colcon.colcon_core.package_identification:_identify(src/village_li) by extensions ['ignore', 'ignore_ament_install']
[0.273s] Level 1:colcon.colcon_core.package_identification:_identify(src/village_li) by extension 'ignore'
[0.273s] Level 1:colcon.colcon_core.package_identification:_identify(src/village_li) by extension 'ignore_ament_install'
[0.273s] Level 1:colcon.colcon_core.package_identification:_identify(src/village_li) by extensions ['colcon_pkg']
[0.273s] Level 1:colcon.colcon_core.package_identification:_identify(src/village_li) by extension 'colcon_pkg'
[0.273s] Level 1:colcon.colcon_core.package_identification:_identify(src/village_li) by extensions ['colcon_meta']
[0.273s] Level 1:colcon.colcon_core.package_identification:_identify(src/village_li) by extension 'colcon_meta'
[0.273s] Level 1:colcon.colcon_core.package_identification:_identify(src/village_li) by extensions ['ros']
[0.273s] Level 1:colcon.colcon_core.package_identification:_identify(src/village_li) by extension 'ros'
[0.273s] DEBUG:colcon.colcon_core.package_identification:Package 'src/village_li' with type 'ros.ament_python' and name 'village_li'
[0.274s] Level 1:colcon.colcon_core.package_identification:_identify(src/village_wang) by extensions ['ignore', 'ignore_ament_install']
[0.274s] Level 1:colcon.colcon_core.package_identification:_identify(src/village_wang) by extension 'ignore'
[0.274s] Level 1:colcon.colcon_core.package_identification:_identify(src/village_wang) by extension 'ignore_ament_install'
[0.274s] Level 1:colcon.colcon_core.package_identification:_identify(src/village_wang) by extensions ['colcon_pkg']
[0.274s] Level 1:colcon.colcon_core.package_identification:_identify(src/village_wang) by extension 'colcon_pkg'
[0.274s] Level 1:colcon.colcon_core.package_identification:_identify(src/village_wang) by extensions ['colcon_meta']
[0.274s] Level 1:colcon.colcon_core.package_identification:_identify(src/village_wang) by extension 'colcon_meta'
[0.274s] Level 1:colcon.colcon_core.package_identification:_identify(src/village_wang) by extensions ['ros']
[0.274s] Level 1:colcon.colcon_core.package_identification:_identify(src/village_wang) by extension 'ros'
[0.274s] DEBUG:colcon.colcon_core.package_identification:Package 'src/village_wang' with type 'ros.ament_cmake' and name 'village_wang'
[0.274s] Level 1:colcon.colcon_core.package_identification:_identify(src/village_zhang) by extensions ['ignore', 'ignore_ament_install']
[0.274s] Level 1:colcon.colcon_core.package_identification:_identify(src/village_zhang) by extension 'ignore'
[0.275s] Level 1:colcon.colcon_core.package_identification:_identify(src/village_zhang) by extension 'ignore_ament_install'
[0.275s] Level 1:colcon.colcon_core.package_identification:_identify(src/village_zhang) by extensions ['colcon_pkg']
[0.275s] Level 1:colcon.colcon_core.package_identification:_identify(src/village_zhang) by extension 'colcon_pkg'
[0.275s] Level 1:colcon.colcon_core.package_identification:_identify(src/village_zhang) by extensions ['colcon_meta']
[0.275s] Level 1:colcon.colcon_core.package_identification:_identify(src/village_zhang) by extension 'colcon_meta'
[0.275s] Level 1:colcon.colcon_core.package_identification:_identify(src/village_zhang) by extensions ['ros']
[0.275s] Level 1:colcon.colcon_core.package_identification:_identify(src/village_zhang) by extension 'ros'
[0.275s] DEBUG:colcon.colcon_core.package_identification:Package 'src/village_zhang' with type 'ros.ament_cmake' and name 'village_zhang'
[0.275s] Level 1:colcon.colcon_core.package_discovery:discover_packages(recursive) using defaults
[0.275s] Level 1:colcon.colcon_core.package_discovery:discover_packages(ignore) discover
[0.275s] Level 1:colcon.colcon_core.package_discovery:discover_packages(ignore) using defaults
[0.275s] Level 1:colcon.colcon_core.package_discovery:discover_packages(path) discover
[0.275s] Level 1:colcon.colcon_core.package_discovery:discover_packages(path) using defaults
[0.287s] Level 1:colcon.colcon_core.package_discovery:discover_packages(prefix_path) check parameters
[0.287s] Level 1:colcon.colcon_core.package_discovery:discover_packages(prefix_path) discover
[0.288s] WARNING:colcon.colcon_ros.prefix_path.ament:The path '/home/tony/town_ws/install/village_zhang' in the environment variable AMENT_PREFIX_PATH doesn't exist
[0.288s] WARNING:colcon.colcon_ros.prefix_path.ament:The path '/home/tony/town_ws/install/village_wang' in the environment variable AMENT_PREFIX_PATH doesn't exist
[0.288s] WARNING:colcon.colcon_ros.prefix_path.ament:The path '/home/tony/town_ws/install/village_li' in the environment variable AMENT_PREFIX_PATH doesn't exist
[0.288s] WARNING:colcon.colcon_ros.prefix_path.ament:The path '/home/tony/town_ws/install/village_interfaces' in the environment variable AMENT_PREFIX_PATH doesn't exist
[0.288s] WARNING:colcon.colcon_ros.prefix_path.catkin:The path '/home/tony/town_ws/install/village_zhang' in the environment variable CMAKE_PREFIX_PATH doesn't exist
[0.288s] WARNING:colcon.colcon_ros.prefix_path.catkin:The path '/home/tony/town_ws/install/village_wang' in the environment variable CMAKE_PREFIX_PATH doesn't exist
[0.288s] WARNING:colcon.colcon_ros.prefix_path.catkin:The path '/home/tony/town_ws/install/village_interfaces' in the environment variable CMAKE_PREFIX_PATH doesn't exist
[0.289s] DEBUG:colcon.colcon_installed_package_information.package_discovery:Found 0 installed packages in /home/tony/town_ws/install
[0.293s] DEBUG:colcon.colcon_installed_package_information.package_discovery:Found 283 installed packages in /opt/ros/foxy
[0.294s] Level 1:colcon.colcon_core.package_discovery:discover_packages(prefix_path) using defaults
[0.350s] Level 5:colcon.colcon_core.verb:set package 'village_interfaces' build argument 'cmake_args' from command line to 'None'
[0.350s] Level 5:colcon.colcon_core.verb:set package 'village_interfaces' build argument 'cmake_target' from command line to 'None'
[0.350s] Level 5:colcon.colcon_core.verb:set package 'village_interfaces' build argument 'cmake_target_skip_unavailable' from command line to 'False'
[0.350s] Level 5:colcon.colcon_core.verb:set package 'village_interfaces' build argument 'cmake_clean_cache' from command line to 'False'
[0.350s] Level 5:colcon.colcon_core.verb:set package 'village_interfaces' build argument 'cmake_clean_first' from command line to 'False'
[0.350s] Level 5:colcon.colcon_core.verb:set package 'village_interfaces' build argument 'cmake_force_configure' from command line to 'False'
[0.350s] Level 5:colcon.colcon_core.verb:set package 'village_interfaces' build argument 'ament_cmake_args' from command line to 'None'
[0.350s] Level 5:colcon.colcon_core.verb:set package 'village_interfaces' build argument 'catkin_cmake_args' from command line to 'None'
[0.350s] Level 5:colcon.colcon_core.verb:set package 'village_interfaces' build argument 'catkin_skip_building_tests' from command line to 'False'
[0.350s] DEBUG:colcon.colcon_core.verb:Building package 'village_interfaces' with the following arguments: {'ament_cmake_args': None, 'build_base': '/home/tony/town_ws/build/village_interfaces', 'catkin_cmake_args': None, 'catkin_skip_building_tests': False, 'cmake_args': None, 'cmake_clean_cache': False, 'cmake_clean_first': False, 'cmake_force_configure': False, 'cmake_target': None, 'cmake_target_skip_unavailable': False, 'install_base': '/home/tony/town_ws/install/village_interfaces', 'merge_install': False, 'path': '/home/tony/town_ws/src/village_interfaces', 'symlink_install': False, 'test_result_base': None}
[0.351s] Level 5:colcon.colcon_core.verb:set package 'village_li' build argument 'cmake_args' from command line to 'None'
[0.351s] Level 5:colcon.colcon_core.verb:set package 'village_li' build argument 'cmake_target' from command line to 'None'
[0.351s] Level 5:colcon.colcon_core.verb:set package 'village_li' build argument 'cmake_target_skip_unavailable' from command line to 'False'
[0.351s] Level 5:colcon.colcon_core.verb:set package 'village_li' build argument 'cmake_clean_cache' from command line to 'False'
[0.351s] Level 5:colcon.colcon_core.verb:set package 'village_li' build argument 'cmake_clean_first' from command line to 'False'
[0.351s] Level 5:colcon.colcon_core.verb:set package 'village_li' build argument 'cmake_force_configure' from command line to 'False'
[0.351s] Level 5:colcon.colcon_core.verb:set package 'village_li' build argument 'ament_cmake_args' from command line to 'None'
[0.351s] Level 5:colcon.colcon_core.verb:set package 'village_li' build argument 'catkin_cmake_args' from command line to 'None'
[0.351s] Level 5:colcon.colcon_core.verb:set package 'village_li' build argument 'catkin_skip_building_tests' from command line to 'False'
[0.351s] DEBUG:colcon.colcon_core.verb:Building package 'village_li' with the following arguments: {'ament_cmake_args': None, 'build_base': '/home/tony/town_ws/build/village_li', 'catkin_cmake_args': None, 'catkin_skip_building_tests': False, 'cmake_args': None, 'cmake_clean_cache': False, 'cmake_clean_first': False, 'cmake_force_configure': False, 'cmake_target': None, 'cmake_target_skip_unavailable': False, 'install_base': '/home/tony/town_ws/install/village_li', 'merge_install': False, 'path': '/home/tony/town_ws/src/village_li', 'symlink_install': False, 'test_result_base': None}
[0.351s] Level 5:colcon.colcon_core.verb:set package 'village_wang' build argument 'cmake_args' from command line to 'None'
[0.351s] Level 5:colcon.colcon_core.verb:set package 'village_wang' build argument 'cmake_target' from command line to 'None'
[0.351s] Level 5:colcon.colcon_core.verb:set package 'village_wang' build argument 'cmake_target_skip_unavailable' from command line to 'False'
[0.351s] Level 5:colcon.colcon_core.verb:set package 'village_wang' build argument 'cmake_clean_cache' from command line to 'False'
[0.351s] Level 5:colcon.colcon_core.verb:set package 'village_wang' build argument 'cmake_clean_first' from command line to 'False'
[0.351s] Level 5:colcon.colcon_core.verb:set package 'village_wang' build argument 'cmake_force_configure' from command line to 'False'
[0.351s] Level 5:colcon.colcon_core.verb:set package 'village_wang' build argument 'ament_cmake_args' from command line to 'None'
[0.351s] Level 5:colcon.colcon_core.verb:set package 'village_wang' build argument 'catkin_cmake_args' from command line to 'None'
[0.351s] Level 5:colcon.colcon_core.verb:set package 'village_wang' build argument 'catkin_skip_building_tests' from command line to 'False'
[0.351s] DEBUG:colcon.colcon_core.verb:Building package 'village_wang' with the following arguments: {'ament_cmake_args': None, 'build_base': '/home/tony/town_ws/build/village_wang', 'catkin_cmake_args': None, 'catkin_skip_building_tests': False, 'cmake_args': None, 'cmake_clean_cache': False, 'cmake_clean_first': False, 'cmake_force_configure': False, 'cmake_target': None, 'cmake_target_skip_unavailable': False, 'install_base': '/home/tony/town_ws/install/village_wang', 'merge_install': False, 'path': '/home/tony/town_ws/src/village_wang', 'symlink_install': False, 'test_result_base': None}
[0.352s] Level 5:colcon.colcon_core.verb:set package 'village_zhang' build argument 'cmake_args' from command line to 'None'
[0.352s] Level 5:colcon.colcon_core.verb:set package 'village_zhang' build argument 'cmake_target' from command line to 'None'
[0.352s] Level 5:colcon.colcon_core.verb:set package 'village_zhang' build argument 'cmake_target_skip_unavailable' from command line to 'False'
[0.352s] Level 5:colcon.colcon_core.verb:set package 'village_zhang' build argument 'cmake_clean_cache' from command line to 'False'
[0.352s] Level 5:colcon.colcon_core.verb:set package 'village_zhang' build argument 'cmake_clean_first' from command line to 'False'
[0.352s] Level 5:colcon.colcon_core.verb:set package 'village_zhang' build argument 'cmake_force_configure' from command line to 'False'
[0.352s] Level 5:colcon.colcon_core.verb:set package 'village_zhang' build argument 'ament_cmake_args' from command line to 'None'
[0.352s] Level 5:colcon.colcon_core.verb:set package 'village_zhang' build argument 'catkin_cmake_args' from command line to 'None'
[0.352s] Level 5:colcon.colcon_core.verb:set package 'village_zhang' build argument 'catkin_skip_building_tests' from command line to 'False'
[0.352s] DEBUG:colcon.colcon_core.verb:Building package 'village_zhang' with the following arguments: {'ament_cmake_args': None, 'build_base': '/home/tony/town_ws/build/village_zhang', 'catkin_cmake_args': None, 'catkin_skip_building_tests': False, 'cmake_args': None, 'cmake_clean_cache': False, 'cmake_clean_first': False, 'cmake_force_configure': False, 'cmake_target': None, 'cmake_target_skip_unavailable': False, 'install_base': '/home/tony/town_ws/install/village_zhang', 'merge_install': False, 'path': '/home/tony/town_ws/src/village_zhang', 'symlink_install': False, 'test_result_base': None}
[0.352s] INFO:colcon.colcon_core.executor:Executing jobs using 'parallel' executor
[0.353s] DEBUG:colcon.colcon_parallel_executor.executor.parallel:run_until_complete
[0.353s] INFO:colcon.colcon_ros.task.ament_cmake.build:Building ROS package in '/home/tony/town_ws/src/village_interfaces' with build type 'ament_cmake'
[0.353s] INFO:colcon.colcon_cmake.task.cmake.build:Building CMake package in '/home/tony/town_ws/src/village_interfaces'
[0.355s] INFO:colcon.colcon_core.plugin_system:Skipping extension 'colcon_core.shell.bat': Not used on non-Windows systems
[0.355s] INFO:colcon.colcon_core.shell:Skip shell extension 'powershell' for command environment: Not usable outside of PowerShell
[0.355s] DEBUG:colcon.colcon_core.shell:Skip shell extension 'dsv' for command environment
[0.364s] DEBUG:colcon.colcon_core.event_handler.log_command:Invoking command in '/home/tony/town_ws/build/village_interfaces': CMAKE_PREFIX_PATH=${CMAKE_PREFIX_PATH}:/home/tony/town_ws/install/village_li:/opt/ros/foxy /usr/bin/cmake /home/tony/town_ws/src/village_interfaces -DCMAKE_INSTALL_PREFIX=/home/tony/town_ws/install/village_interfaces
[2.173s] DEBUG:colcon.colcon_core.event_handler.log_command:Invoked command in '/home/tony/town_ws/build/village_interfaces' returned '0': CMAKE_PREFIX_PATH=${CMAKE_PREFIX_PATH}:/home/tony/town_ws/install/village_li:/opt/ros/foxy /usr/bin/cmake /home/tony/town_ws/src/village_interfaces -DCMAKE_INSTALL_PREFIX=/home/tony/town_ws/install/village_interfaces
[2.177s] DEBUG:colcon.colcon_core.event_handler.log_command:Invoking command in '/home/tony/town_ws/build/village_interfaces': CMAKE_PREFIX_PATH=${CMAKE_PREFIX_PATH}:/home/tony/town_ws/install/village_li:/opt/ros/foxy /usr/bin/cmake --build /home/tony/town_ws/build/village_interfaces -- -j16 -l16
[4.937s] DEBUG:colcon.colcon_core.event_handler.log_command:Invoked command in '/home/tony/town_ws/build/village_interfaces' returned '0': CMAKE_PREFIX_PATH=${CMAKE_PREFIX_PATH}:/home/tony/town_ws/install/village_li:/opt/ros/foxy /usr/bin/cmake --build /home/tony/town_ws/build/village_interfaces -- -j16 -l16
[5.024s] DEBUG:colcon.colcon_core.event_handler.log_command:Invoking command in '/home/tony/town_ws/build/village_interfaces': CMAKE_PREFIX_PATH=${CMAKE_PREFIX_PATH}:/home/tony/town_ws/install/village_li:/opt/ros/foxy /usr/bin/cmake --install /home/tony/town_ws/build/village_interfaces
[5.091s] Level 1:colcon.colcon_core.environment:create_environment_scripts_only(village_interfaces)
[5.091s] DEBUG:colcon.colcon_core.event_handler.log_command:Invoked command in '/home/tony/town_ws/build/village_interfaces' returned '0': CMAKE_PREFIX_PATH=${CMAKE_PREFIX_PATH}:/home/tony/town_ws/install/village_li:/opt/ros/foxy /usr/bin/cmake --install /home/tony/town_ws/build/village_interfaces
[5.093s] Level 1:colcon.colcon_core.environment:checking '/home/tony/town_ws/install/village_interfaces' for CMake module files
[5.094s] Level 1:colcon.colcon_core.environment:checking '/home/tony/town_ws/install/village_interfaces' for CMake config files
[5.095s] Level 1:colcon.colcon_core.shell:create_environment_hook('village_interfaces', 'cmake_prefix_path')
[5.095s] INFO:colcon.colcon_core.shell:Creating environment hook '/home/tony/town_ws/install/village_interfaces/share/village_interfaces/hook/cmake_prefix_path.ps1'
[5.096s] INFO:colcon.colcon_core.shell:Creating environment descriptor '/home/tony/town_ws/install/village_interfaces/share/village_interfaces/hook/cmake_prefix_path.dsv'
[5.096s] INFO:colcon.colcon_core.shell:Creating environment hook '/home/tony/town_ws/install/village_interfaces/share/village_interfaces/hook/cmake_prefix_path.sh'
[5.097s] Level 1:colcon.colcon_core.environment:checking '/home/tony/town_ws/install/village_interfaces/lib'
[5.097s] Level 1:colcon.colcon_core.shell:create_environment_hook('village_interfaces', 'ld_library_path_lib')
[5.097s] INFO:colcon.colcon_core.shell:Creating environment hook '/home/tony/town_ws/install/village_interfaces/share/village_interfaces/hook/ld_library_path_lib.ps1'
[5.097s] INFO:colcon.colcon_core.shell:Creating environment descriptor '/home/tony/town_ws/install/village_interfaces/share/village_interfaces/hook/ld_library_path_lib.dsv'
[5.098s] INFO:colcon.colcon_core.shell:Creating environment hook '/home/tony/town_ws/install/village_interfaces/share/village_interfaces/hook/ld_library_path_lib.sh'
[5.098s] Level 1:colcon.colcon_core.environment:checking '/home/tony/town_ws/install/village_interfaces/bin'
[5.098s] Level 1:colcon.colcon_core.environment:checking '/home/tony/town_ws/install/village_interfaces/lib/pkgconfig/village_interfaces.pc'
[5.098s] Level 1:colcon.colcon_core.environment:checking '/home/tony/town_ws/install/village_interfaces/lib/python3.8/site-packages'
[5.098s] Level 1:colcon.colcon_core.shell:create_environment_hook('village_interfaces', 'pythonpath')
[5.098s] INFO:colcon.colcon_core.shell:Creating environment hook '/home/tony/town_ws/install/village_interfaces/share/village_interfaces/hook/pythonpath.ps1'
[5.099s] INFO:colcon.colcon_core.shell:Creating environment descriptor '/home/tony/town_ws/install/village_interfaces/share/village_interfaces/hook/pythonpath.dsv'
[5.099s] INFO:colcon.colcon_core.shell:Creating environment hook '/home/tony/town_ws/install/village_interfaces/share/village_interfaces/hook/pythonpath.sh'
[5.099s] Level 1:colcon.colcon_core.environment:checking '/home/tony/town_ws/install/village_interfaces/bin'
[5.099s] INFO:colcon.colcon_core.shell:Creating package script '/home/tony/town_ws/install/village_interfaces/share/village_interfaces/package.ps1'
[5.100s] INFO:colcon.colcon_core.shell:Creating package descriptor '/home/tony/town_ws/install/village_interfaces/share/village_interfaces/package.dsv'
[5.101s] INFO:colcon.colcon_core.shell:Creating package script '/home/tony/town_ws/install/village_interfaces/share/village_interfaces/package.sh'
[5.101s] INFO:colcon.colcon_core.shell:Creating package script '/home/tony/town_ws/install/village_interfaces/share/village_interfaces/package.bash'
[5.102s] INFO:colcon.colcon_core.shell:Creating package script '/home/tony/town_ws/install/village_interfaces/share/village_interfaces/package.zsh'
[5.102s] Level 1:colcon.colcon_core.environment:create_file_with_runtime_dependencies(/home/tony/town_ws/install/village_interfaces/share/colcon-core/packages/village_interfaces)
[5.175s] Level 1:colcon.colcon_core.environment:create_environment_scripts_only(village_interfaces)
[5.175s] Level 1:colcon.colcon_core.environment:checking '/home/tony/town_ws/install/village_interfaces' for CMake module files
[5.176s] Level 1:colcon.colcon_core.environment:checking '/home/tony/town_ws/install/village_interfaces' for CMake config files
[5.176s] Level 1:colcon.colcon_core.shell:create_environment_hook('village_interfaces', 'cmake_prefix_path')
[5.176s] INFO:colcon.colcon_core.shell:Creating environment hook '/home/tony/town_ws/install/village_interfaces/share/village_interfaces/hook/cmake_prefix_path.ps1'
[5.177s] INFO:colcon.colcon_core.shell:Creating environment descriptor '/home/tony/town_ws/install/village_interfaces/share/village_interfaces/hook/cmake_prefix_path.dsv'
[5.177s] INFO:colcon.colcon_core.shell:Creating environment hook '/home/tony/town_ws/install/village_interfaces/share/village_interfaces/hook/cmake_prefix_path.sh'
[5.178s] Level 1:colcon.colcon_core.environment:checking '/home/tony/town_ws/install/village_interfaces/lib'
[5.178s] Level 1:colcon.colcon_core.shell:create_environment_hook('village_interfaces', 'ld_library_path_lib')
[5.178s] INFO:colcon.colcon_core.shell:Creating environment hook '/home/tony/town_ws/install/village_interfaces/share/village_interfaces/hook/ld_library_path_lib.ps1'
[5.179s] INFO:colcon.colcon_core.shell:Creating environment descriptor '/home/tony/town_ws/install/village_interfaces/share/village_interfaces/hook/ld_library_path_lib.dsv'
[5.179s] INFO:colcon.colcon_core.shell:Creating environment hook '/home/tony/town_ws/install/village_interfaces/share/village_interfaces/hook/ld_library_path_lib.sh'
[5.179s] Level 1:colcon.colcon_core.environment:checking '/home/tony/town_ws/install/village_interfaces/bin'
[5.179s] Level 1:colcon.colcon_core.environment:checking '/home/tony/town_ws/install/village_interfaces/lib/pkgconfig/village_interfaces.pc'
[5.179s] Level 1:colcon.colcon_core.environment:checking '/home/tony/town_ws/install/village_interfaces/lib/python3.8/site-packages'
[5.180s] Level 1:colcon.colcon_core.shell:create_environment_hook('village_interfaces', 'pythonpath')
[5.180s] INFO:colcon.colcon_core.shell:Creating environment hook '/home/tony/town_ws/install/village_interfaces/share/village_interfaces/hook/pythonpath.ps1'
[5.180s] INFO:colcon.colcon_core.shell:Creating environment descriptor '/home/tony/town_ws/install/village_interfaces/share/village_interfaces/hook/pythonpath.dsv'
[5.180s] INFO:colcon.colcon_core.shell:Creating environment hook '/home/tony/town_ws/install/village_interfaces/share/village_interfaces/hook/pythonpath.sh'
[5.181s] Level 1:colcon.colcon_core.environment:checking '/home/tony/town_ws/install/village_interfaces/bin'
[5.181s] INFO:colcon.colcon_core.shell:Creating package script '/home/tony/town_ws/install/village_interfaces/share/village_interfaces/package.ps1'
[5.181s] INFO:colcon.colcon_core.shell:Creating package descriptor '/home/tony/town_ws/install/village_interfaces/share/village_interfaces/package.dsv'
[5.182s] INFO:colcon.colcon_core.shell:Creating package script '/home/tony/town_ws/install/village_interfaces/share/village_interfaces/package.sh'
[5.182s] INFO:colcon.colcon_core.shell:Creating package script '/home/tony/town_ws/install/village_interfaces/share/village_interfaces/package.bash'
[5.182s] INFO:colcon.colcon_core.shell:Creating package script '/home/tony/town_ws/install/village_interfaces/share/village_interfaces/package.zsh'
[5.183s] Level 1:colcon.colcon_core.environment:create_file_with_runtime_dependencies(/home/tony/town_ws/install/village_interfaces/share/colcon-core/packages/village_interfaces)
[5.183s] INFO:colcon.colcon_ros.task.ament_python.build:Building ROS package in '/home/tony/town_ws/src/village_li' with build type 'ament_python'
[5.183s] Level 1:colcon.colcon_core.shell:create_environment_hook('village_li', 'ament_prefix_path')
[5.184s] INFO:colcon.colcon_core.shell:Creating environment hook '/home/tony/town_ws/install/village_li/share/village_li/hook/ament_prefix_path.ps1'
[5.184s] INFO:colcon.colcon_core.shell:Creating environment descriptor '/home/tony/town_ws/install/village_li/share/village_li/hook/ament_prefix_path.dsv'
[5.185s] INFO:colcon.colcon_core.shell:Creating environment hook '/home/tony/town_ws/install/village_li/share/village_li/hook/ament_prefix_path.sh'
[5.185s] INFO:colcon.colcon_core.shell:Skip shell extension 'powershell' for command environment: Not usable outside of PowerShell
[5.185s] DEBUG:colcon.colcon_core.shell:Skip shell extension 'dsv' for command environment
[5.189s] INFO:colcon.colcon_ros.task.ament_cmake.build:Building ROS package in '/home/tony/town_ws/src/village_wang' with build type 'ament_cmake'
[5.189s] INFO:colcon.colcon_cmake.task.cmake.build:Building CMake package in '/home/tony/town_ws/src/village_wang'
[5.189s] INFO:colcon.colcon_core.shell:Skip shell extension 'powershell' for command environment: Not usable outside of PowerShell
[5.189s] DEBUG:colcon.colcon_core.shell:Skip shell extension 'dsv' for command environment
[5.194s] INFO:colcon.colcon_ros.task.ament_cmake.build:Building ROS package in '/home/tony/town_ws/src/village_zhang' with build type 'ament_cmake'
[5.195s] INFO:colcon.colcon_cmake.task.cmake.build:Building CMake package in '/home/tony/town_ws/src/village_zhang'
[5.195s] INFO:colcon.colcon_core.shell:Skip shell extension 'powershell' for command environment: Not usable outside of PowerShell
[5.195s] DEBUG:colcon.colcon_core.shell:Skip shell extension 'dsv' for command environment
[5.369s] INFO:colcon.colcon_core.task.python.build:Building Python package in '/home/tony/town_ws/src/village_li'
[5.370s] INFO:colcon.colcon_core.shell:Skip shell extension 'powershell' for command environment: Not usable outside of PowerShell
[5.370s] DEBUG:colcon.colcon_core.shell:Skip shell extension 'dsv' for command environment
[5.379s] DEBUG:colcon.colcon_core.event_handler.log_command:Invoking command in '/home/tony/town_ws/build/village_wang': CMAKE_PREFIX_PATH=/home/tony/town_ws/install/village_interfaces:/home/tony/town_ws/install/village_zhang:/home/tony/town_ws/install/village_wang:/home/tony/town_ws/install/village_li:/opt/ros/foxy PYTHONPATH=/home/tony/town_ws/install/village_interfaces/lib/python3.8/site-packages:/home/tony/town_ws/install/village_li/lib/python3.8/site-packages:/opt/ros/foxy/lib/python3.8/site-packages /usr/bin/cmake /home/tony/town_ws/src/village_wang -DCMAKE_INSTALL_PREFIX=/home/tony/town_ws/install/village_wang
[5.384s] DEBUG:colcon.colcon_core.event_handler.log_command:Invoking command in '/home/tony/town_ws/build/village_zhang': CMAKE_PREFIX_PATH=/home/tony/town_ws/install/village_interfaces:/home/tony/town_ws/install/village_zhang:/home/tony/town_ws/install/village_wang:/home/tony/town_ws/install/village_li:/opt/ros/foxy PYTHONPATH=/home/tony/town_ws/install/village_interfaces/lib/python3.8/site-packages:/home/tony/town_ws/install/village_li/lib/python3.8/site-packages:/opt/ros/foxy/lib/python3.8/site-packages /usr/bin/cmake /home/tony/town_ws/src/village_zhang -DCMAKE_INSTALL_PREFIX=/home/tony/town_ws/install/village_zhang
[5.766s] DEBUG:colcon.colcon_core.event_handler.log_command:Invoking command in '/home/tony/town_ws/src/village_li': CMAKE_PREFIX_PATH=/home/tony/town_ws/install/village_interfaces:/home/tony/town_ws/install/village_zhang:/home/tony/town_ws/install/village_wang PYTHONPATH=/home/tony/town_ws/build/village_li/prefix_override:/home/tony/town_ws/install/village_li/lib/python3.8/site-packages:/home/tony/town_ws/install/village_interfaces/lib/python3.8/site-packages:/home/tony/town_ws/install/village_li/lib/python3.8/site-packages:/opt/ros/foxy/lib/python3.8/site-packages /usr/bin/python3 -W ignore:setup.py install is deprecated setup.py egg_info --egg-base ../../build/village_li build --build-base /home/tony/town_ws/build/village_li/build install --record /home/tony/town_ws/build/village_li/install.log --install-scripts $base/lib/village_li --single-version-externally-managed install_data
[6.039s] Level 1:colcon.colcon_core.environment:checking '/home/tony/town_ws/install/village_li' for CMake module files
[6.039s] DEBUG:colcon.colcon_core.event_handler.log_command:Invoked command in '/home/tony/town_ws/src/village_li' returned '0': CMAKE_PREFIX_PATH=/home/tony/town_ws/install/village_interfaces:/home/tony/town_ws/install/village_zhang:/home/tony/town_ws/install/village_wang PYTHONPATH=/home/tony/town_ws/build/village_li/prefix_override:/home/tony/town_ws/install/village_li/lib/python3.8/site-packages:/home/tony/town_ws/install/village_interfaces/lib/python3.8/site-packages:/home/tony/town_ws/install/village_li/lib/python3.8/site-packages:/opt/ros/foxy/lib/python3.8/site-packages /usr/bin/python3 -W ignore:setup.py install is deprecated setup.py egg_info --egg-base ../../build/village_li build --build-base /home/tony/town_ws/build/village_li/build install --record /home/tony/town_ws/build/village_li/install.log --install-scripts $base/lib/village_li --single-version-externally-managed install_data
[6.039s] Level 1:colcon.colcon_core.environment:checking '/home/tony/town_ws/install/village_li' for CMake config files
[6.040s] Level 1:colcon.colcon_core.environment:checking '/home/tony/town_ws/install/village_li/lib'
[6.040s] Level 1:colcon.colcon_core.environment:checking '/home/tony/town_ws/install/village_li/bin'
[6.040s] Level 1:colcon.colcon_core.environment:checking '/home/tony/town_ws/install/village_li/lib/pkgconfig/village_li.pc'
[6.041s] Level 1:colcon.colcon_core.environment:checking '/home/tony/town_ws/install/village_li/lib/python3.8/site-packages'
[6.041s] Level 1:colcon.colcon_core.shell:create_environment_hook('village_li', 'pythonpath')
[6.041s] INFO:colcon.colcon_core.shell:Creating environment hook '/home/tony/town_ws/install/village_li/share/village_li/hook/pythonpath.ps1'
[6.041s] INFO:colcon.colcon_core.shell:Creating environment descriptor '/home/tony/town_ws/install/village_li/share/village_li/hook/pythonpath.dsv'
[6.042s] INFO:colcon.colcon_core.shell:Creating environment hook '/home/tony/town_ws/install/village_li/share/village_li/hook/pythonpath.sh'
[6.042s] Level 1:colcon.colcon_core.environment:checking '/home/tony/town_ws/install/village_li/bin'
[6.042s] Level 1:colcon.colcon_core.environment:create_environment_scripts_only(village_li)
[6.043s] INFO:colcon.colcon_core.shell:Creating package script '/home/tony/town_ws/install/village_li/share/village_li/package.ps1'
[6.043s] INFO:colcon.colcon_core.shell:Creating package descriptor '/home/tony/town_ws/install/village_li/share/village_li/package.dsv'
[6.044s] INFO:colcon.colcon_core.shell:Creating package script '/home/tony/town_ws/install/village_li/share/village_li/package.sh'
[6.044s] INFO:colcon.colcon_core.shell:Creating package script '/home/tony/town_ws/install/village_li/share/village_li/package.bash'
[6.044s] INFO:colcon.colcon_core.shell:Creating package script '/home/tony/town_ws/install/village_li/share/village_li/package.zsh'
[6.044s] Level 1:colcon.colcon_core.environment:create_file_with_runtime_dependencies(/home/tony/town_ws/install/village_li/share/colcon-core/packages/village_li)
[6.927s] DEBUG:colcon.colcon_core.event_handler.log_command:Invoked command in '/home/tony/town_ws/build/village_wang' returned '0': CMAKE_PREFIX_PATH=/home/tony/town_ws/install/village_interfaces:/home/tony/town_ws/install/village_zhang:/home/tony/town_ws/install/village_wang:/home/tony/town_ws/install/village_li:/opt/ros/foxy PYTHONPATH=/home/tony/town_ws/install/village_interfaces/lib/python3.8/site-packages:/home/tony/town_ws/install/village_li/lib/python3.8/site-packages:/opt/ros/foxy/lib/python3.8/site-packages /usr/bin/cmake /home/tony/town_ws/src/village_wang -DCMAKE_INSTALL_PREFIX=/home/tony/town_ws/install/village_wang
[6.930s] DEBUG:colcon.colcon_core.event_handler.log_command:Invoking command in '/home/tony/town_ws/build/village_wang': CMAKE_PREFIX_PATH=/home/tony/town_ws/install/village_interfaces:/home/tony/town_ws/install/village_zhang:/home/tony/town_ws/install/village_wang:/home/tony/town_ws/install/village_li:/opt/ros/foxy PYTHONPATH=/home/tony/town_ws/install/village_interfaces/lib/python3.8/site-packages:/home/tony/town_ws/install/village_li/lib/python3.8/site-packages:/opt/ros/foxy/lib/python3.8/site-packages /usr/bin/cmake --build /home/tony/town_ws/build/village_wang -- -j16 -l16
[6.972s] DEBUG:colcon.colcon_core.event_handler.log_command:Invoked command in '/home/tony/town_ws/build/village_zhang' returned '0': CMAKE_PREFIX_PATH=/home/tony/town_ws/install/village_interfaces:/home/tony/town_ws/install/village_zhang:/home/tony/town_ws/install/village_wang:/home/tony/town_ws/install/village_li:/opt/ros/foxy PYTHONPATH=/home/tony/town_ws/install/village_interfaces/lib/python3.8/site-packages:/home/tony/town_ws/install/village_li/lib/python3.8/site-packages:/opt/ros/foxy/lib/python3.8/site-packages /usr/bin/cmake /home/tony/town_ws/src/village_zhang -DCMAKE_INSTALL_PREFIX=/home/tony/town_ws/install/village_zhang
[6.975s] DEBUG:colcon.colcon_core.event_handler.log_command:Invoking command in '/home/tony/town_ws/build/village_zhang': CMAKE_PREFIX_PATH=/home/tony/town_ws/install/village_interfaces:/home/tony/town_ws/install/village_zhang:/home/tony/town_ws/install/village_wang:/home/tony/town_ws/install/village_li:/opt/ros/foxy PYTHONPATH=/home/tony/town_ws/install/village_interfaces/lib/python3.8/site-packages:/home/tony/town_ws/install/village_li/lib/python3.8/site-packages:/opt/ros/foxy/lib/python3.8/site-packages /usr/bin/cmake --build /home/tony/town_ws/build/village_zhang -- -j16 -l16
[9.175s] DEBUG:colcon.colcon_core.event_handler.log_command:Invoked command in '/home/tony/town_ws/build/village_zhang' returned '0': CMAKE_PREFIX_PATH=/home/tony/town_ws/install/village_interfaces:/home/tony/town_ws/install/village_zhang:/home/tony/town_ws/install/village_wang:/home/tony/town_ws/install/village_li:/opt/ros/foxy PYTHONPATH=/home/tony/town_ws/install/village_interfaces/lib/python3.8/site-packages:/home/tony/town_ws/install/village_li/lib/python3.8/site-packages:/opt/ros/foxy/lib/python3.8/site-packages /usr/bin/cmake --build /home/tony/town_ws/build/village_zhang -- -j16 -l16
[9.203s] DEBUG:colcon.colcon_core.event_handler.log_command:Invoking command in '/home/tony/town_ws/build/village_zhang': CMAKE_PREFIX_PATH=/home/tony/town_ws/install/village_interfaces:/home/tony/town_ws/install/village_zhang:/home/tony/town_ws/install/village_wang:/home/tony/town_ws/install/village_li:/opt/ros/foxy PYTHONPATH=/home/tony/town_ws/install/village_interfaces/lib/python3.8/site-packages:/home/tony/town_ws/install/village_li/lib/python3.8/site-packages:/opt/ros/foxy/lib/python3.8/site-packages /usr/bin/cmake --install /home/tony/town_ws/build/village_zhang
[9.214s] Level 1:colcon.colcon_core.environment:create_environment_scripts_only(village_zhang)
[9.215s] Level 1:colcon.colcon_core.environment:checking '/home/tony/town_ws/install/village_zhang' for CMake module files
[9.215s] DEBUG:colcon.colcon_core.event_handler.log_command:Invoked command in '/home/tony/town_ws/build/village_zhang' returned '0': CMAKE_PREFIX_PATH=/home/tony/town_ws/install/village_interfaces:/home/tony/town_ws/install/village_zhang:/home/tony/town_ws/install/village_wang:/home/tony/town_ws/install/village_li:/opt/ros/foxy PYTHONPATH=/home/tony/town_ws/install/village_interfaces/lib/python3.8/site-packages:/home/tony/town_ws/install/village_li/lib/python3.8/site-packages:/opt/ros/foxy/lib/python3.8/site-packages /usr/bin/cmake --install /home/tony/town_ws/build/village_zhang
[9.216s] Level 1:colcon.colcon_core.environment:checking '/home/tony/town_ws/install/village_zhang' for CMake config files
[9.216s] Level 1:colcon.colcon_core.shell:create_environment_hook('village_zhang', 'cmake_prefix_path')
[9.216s] INFO:colcon.colcon_core.shell:Creating environment hook '/home/tony/town_ws/install/village_zhang/share/village_zhang/hook/cmake_prefix_path.ps1'
[9.216s] INFO:colcon.colcon_core.shell:Creating environment descriptor '/home/tony/town_ws/install/village_zhang/share/village_zhang/hook/cmake_prefix_path.dsv'
[9.217s] INFO:colcon.colcon_core.shell:Creating environment hook '/home/tony/town_ws/install/village_zhang/share/village_zhang/hook/cmake_prefix_path.sh'
[9.217s] Level 1:colcon.colcon_core.environment:checking '/home/tony/town_ws/install/village_zhang/lib'
[9.217s] Level 1:colcon.colcon_core.environment:checking '/home/tony/town_ws/install/village_zhang/bin'
[9.217s] Level 1:colcon.colcon_core.environment:checking '/home/tony/town_ws/install/village_zhang/lib/pkgconfig/village_zhang.pc'
[9.217s] Level 1:colcon.colcon_core.environment:checking '/home/tony/town_ws/install/village_zhang/lib/python3.8/site-packages'
[9.218s] Level 1:colcon.colcon_core.environment:checking '/home/tony/town_ws/install/village_zhang/bin'
[9.218s] INFO:colcon.colcon_core.shell:Creating package script '/home/tony/town_ws/install/village_zhang/share/village_zhang/package.ps1'
[9.218s] INFO:colcon.colcon_core.shell:Creating package descriptor '/home/tony/town_ws/install/village_zhang/share/village_zhang/package.dsv'
[9.218s] INFO:colcon.colcon_core.shell:Creating package script '/home/tony/town_ws/install/village_zhang/share/village_zhang/package.sh'
[9.219s] INFO:colcon.colcon_core.shell:Creating package script '/home/tony/town_ws/install/village_zhang/share/village_zhang/package.bash'
[9.219s] INFO:colcon.colcon_core.shell:Creating package script '/home/tony/town_ws/install/village_zhang/share/village_zhang/package.zsh'
[9.219s] Level 1:colcon.colcon_core.environment:create_file_with_runtime_dependencies(/home/tony/town_ws/install/village_zhang/share/colcon-core/packages/village_zhang)
[9.244s] Level 1:colcon.colcon_core.environment:create_environment_scripts_only(village_zhang)
[9.244s] Level 1:colcon.colcon_core.environment:checking '/home/tony/town_ws/install/village_zhang' for CMake module files
[9.244s] Level 1:colcon.colcon_core.environment:checking '/home/tony/town_ws/install/village_zhang' for CMake config files
[9.245s] Level 1:colcon.colcon_core.shell:create_environment_hook('village_zhang', 'cmake_prefix_path')
[9.245s] INFO:colcon.colcon_core.shell:Creating environment hook '/home/tony/town_ws/install/village_zhang/share/village_zhang/hook/cmake_prefix_path.ps1'
[9.245s] INFO:colcon.colcon_core.shell:Creating environment descriptor '/home/tony/town_ws/install/village_zhang/share/village_zhang/hook/cmake_prefix_path.dsv'
[9.246s] INFO:colcon.colcon_core.shell:Creating environment hook '/home/tony/town_ws/install/village_zhang/share/village_zhang/hook/cmake_prefix_path.sh'
[9.246s] Level 1:colcon.colcon_core.environment:checking '/home/tony/town_ws/install/village_zhang/lib'
[9.246s] Level 1:colcon.colcon_core.environment:checking '/home/tony/town_ws/install/village_zhang/bin'
[9.246s] Level 1:colcon.colcon_core.environment:checking '/home/tony/town_ws/install/village_zhang/lib/pkgconfig/village_zhang.pc'
[9.246s] Level 1:colcon.colcon_core.environment:checking '/home/tony/town_ws/install/village_zhang/lib/python3.8/site-packages'
[9.247s] Level 1:colcon.colcon_core.environment:checking '/home/tony/town_ws/install/village_zhang/bin'
[9.247s] INFO:colcon.colcon_core.shell:Creating package script '/home/tony/town_ws/install/village_zhang/share/village_zhang/package.ps1'
[9.247s] INFO:colcon.colcon_core.shell:Creating package descriptor '/home/tony/town_ws/install/village_zhang/share/village_zhang/package.dsv'
[9.248s] INFO:colcon.colcon_core.shell:Creating package script '/home/tony/town_ws/install/village_zhang/share/village_zhang/package.sh'
[9.248s] INFO:colcon.colcon_core.shell:Creating package script '/home/tony/town_ws/install/village_zhang/share/village_zhang/package.bash'
[9.249s] INFO:colcon.colcon_core.shell:Creating package script '/home/tony/town_ws/install/village_zhang/share/village_zhang/package.zsh'
[9.249s] Level 1:colcon.colcon_core.environment:create_file_with_runtime_dependencies(/home/tony/town_ws/install/village_zhang/share/colcon-core/packages/village_zhang)
[9.352s] DEBUG:colcon.colcon_core.event_handler.log_command:Invoked command in '/home/tony/town_ws/build/village_wang' returned '2': CMAKE_PREFIX_PATH=/home/tony/town_ws/install/village_interfaces:/home/tony/town_ws/install/village_zhang:/home/tony/town_ws/install/village_wang:/home/tony/town_ws/install/village_li:/opt/ros/foxy PYTHONPATH=/home/tony/town_ws/install/village_interfaces/lib/python3.8/site-packages:/home/tony/town_ws/install/village_li/lib/python3.8/site-packages:/opt/ros/foxy/lib/python3.8/site-packages /usr/bin/cmake --build /home/tony/town_ws/build/village_wang -- -j16 -l16
[9.379s] Level 1:colcon.colcon_core.environment:create_environment_scripts_only(village_wang)
[9.380s] Level 1:colcon.colcon_core.environment:checking '/home/tony/town_ws/install/village_wang' for CMake module files
[9.380s] Level 1:colcon.colcon_core.environment:checking '/home/tony/town_ws/install/village_wang' for CMake config files
[9.380s] Level 1:colcon.colcon_core.environment:checking '/home/tony/town_ws/install/village_wang/bin'
[9.380s] Level 1:colcon.colcon_core.environment:checking '/home/tony/town_ws/install/village_wang/lib/pkgconfig/village_wang.pc'
[9.381s] Level 1:colcon.colcon_core.environment:checking '/home/tony/town_ws/install/village_wang/lib/python3.8/site-packages'
[9.381s] Level 1:colcon.colcon_core.environment:checking '/home/tony/town_ws/install/village_wang/bin'
[9.381s] INFO:colcon.colcon_core.shell:Creating package script '/home/tony/town_ws/install/village_wang/share/village_wang/package.ps1'
[9.382s] INFO:colcon.colcon_core.shell:Creating package descriptor '/home/tony/town_ws/install/village_wang/share/village_wang/package.dsv'
[9.382s] INFO:colcon.colcon_core.shell:Creating package script '/home/tony/town_ws/install/village_wang/share/village_wang/package.sh'
[9.382s] INFO:colcon.colcon_core.shell:Creating package script '/home/tony/town_ws/install/village_wang/share/village_wang/package.bash'
[9.383s] INFO:colcon.colcon_core.shell:Creating package script '/home/tony/town_ws/install/village_wang/share/village_wang/package.zsh'
[9.383s] Level 1:colcon.colcon_core.environment:create_file_with_runtime_dependencies(/home/tony/town_ws/install/village_wang/share/colcon-core/packages/village_wang)
[9.393s] DEBUG:colcon.colcon_parallel_executor.executor.parallel:closing loop
[9.394s] DEBUG:colcon.colcon_parallel_executor.executor.parallel:loop closed
[9.394s] DEBUG:colcon.colcon_parallel_executor.executor.parallel:run_until_complete finished with '2'
[9.394s] DEBUG:colcon.colcon_core.event_reactor:joining thread
[9.399s] INFO:colcon.colcon_core.plugin_system:Skipping extension 'colcon_notification.desktop_notification.terminal_notifier': Not used on non-Darwin systems
[9.399s] INFO:colcon.colcon_core.plugin_system:Skipping extension 'colcon_notification.desktop_notification.win32': Not used on non-Windows systems
[9.399s] INFO:colcon.colcon_notification.desktop_notification:Sending desktop notification using 'notify2'
[9.418s] DEBUG:colcon.colcon_core.event_reactor:joined thread
[9.418s] INFO:colcon.colcon_core.shell:Creating prefix script '/home/tony/town_ws/install/local_setup.ps1'
[9.419s] INFO:colcon.colcon_core.shell:Creating prefix util module '/home/tony/town_ws/install/_local_setup_util_ps1.py'
[9.420s] INFO:colcon.colcon_core.shell:Creating prefix chain script '/home/tony/town_ws/install/setup.ps1'
[9.421s] INFO:colcon.colcon_core.shell:Creating prefix script '/home/tony/town_ws/install/local_setup.sh'
[9.421s] INFO:colcon.colcon_core.shell:Creating prefix util module '/home/tony/town_ws/install/_local_setup_util_sh.py'
[9.422s] INFO:colcon.colcon_core.shell:Creating prefix chain script '/home/tony/town_ws/install/setup.sh'
[9.423s] INFO:colcon.colcon_core.shell:Creating prefix script '/home/tony/town_ws/install/local_setup.bash'
[9.423s] INFO:colcon.colcon_core.shell:Creating prefix chain script '/home/tony/town_ws/install/setup.bash'
[9.425s] INFO:colcon.colcon_core.shell:Creating prefix script '/home/tony/town_ws/install/local_setup.zsh'
[9.425s] INFO:colcon.colcon_core.shell:Creating prefix chain script '/home/tony/town_ws/install/setup.zsh'
