[0.195s] Invoking command in '/home/tony/town_ws/build/village_wang': CMAKE_PREFIX_PATH=${CMAKE_PREFIX_PATH}:/home/tony/town_ws/install/village_li:/opt/ros/foxy /usr/bin/cmake --build /home/tony/town_ws/build/village_wang -- -j16 -l16
[0.255s] [100%] Built target wang2_node
[0.269s] Invoked command in '/home/tony/town_ws/build/village_wang' returned '0': CMAKE_PREFIX_PATH=${CMAKE_PREFIX_PATH}:/home/tony/town_ws/install/village_li:/opt/ros/foxy /usr/bin/cmake --build /home/tony/town_ws/build/village_wang -- -j16 -l16
[0.295s] Invoking command in '/home/tony/town_ws/build/village_wang': CMAKE_PREFIX_PATH=${CMAKE_PREFIX_PATH}:/home/tony/town_ws/install/village_li:/opt/ros/foxy /usr/bin/cmake --install /home/tony/town_ws/build/village_wang
[0.304s] -- Install configuration: ""
[0.304s] -- Up-to-date: /home/tony/town_ws/install/village_wang/share/ament_index/resource_index/package_run_dependencies/village_wang
[0.304s] -- Up-to-date: /home/tony/town_ws/install/village_wang/share/ament_index/resource_index/parent_prefix_path/village_wang
[0.304s] -- Up-to-date: /home/tony/town_ws/install/village_wang/share/village_wang/environment/ament_prefix_path.sh
[0.304s] -- Up-to-date: /home/tony/town_ws/install/village_wang/share/village_wang/environment/ament_prefix_path.dsv
[0.305s] -- Up-to-date: /home/tony/town_ws/install/village_wang/share/village_wang/environment/path.sh
[0.305s] -- Up-to-date: /home/tony/town_ws/install/village_wang/share/village_wang/environment/path.dsv
[0.305s] -- Up-to-date: /home/tony/town_ws/install/village_wang/share/village_wang/local_setup.bash
[0.305s] -- Up-to-date: /home/tony/town_ws/install/village_wang/share/village_wang/local_setup.sh
[0.305s] -- Up-to-date: /home/tony/town_ws/install/village_wang/share/village_wang/local_setup.zsh
[0.305s] -- Up-to-date: /home/tony/town_ws/install/village_wang/share/village_wang/local_setup.dsv
[0.305s] -- Installing: /home/tony/town_ws/install/village_wang/share/village_wang/package.dsv
[0.305s] -- Up-to-date: /home/tony/town_ws/install/village_wang/share/ament_index/resource_index/packages/village_wang
[0.306s] -- Up-to-date: /home/tony/town_ws/install/village_wang/share/village_wang/cmake/village_wangConfig.cmake
[0.306s] -- Up-to-date: /home/tony/town_ws/install/village_wang/share/village_wang/cmake/village_wangConfig-version.cmake
[0.306s] -- Up-to-date: /home/tony/town_ws/install/village_wang/share/village_wang/package.xml
[0.306s] -- Up-to-date: /home/tony/town_ws/install/village_wang/lib/village_wang/wang2_node
[0.313s] Invoked command in '/home/tony/town_ws/build/village_wang' returned '0': CMAKE_PREFIX_PATH=${CMAKE_PREFIX_PATH}:/home/tony/town_ws/install/village_li:/opt/ros/foxy /usr/bin/cmake --install /home/tony/town_ws/build/village_wang
