[0.188s] Invoking command in '/home/tony/town_ws/build/village_zhang': CMAKE_PREFIX_PATH=/home/tony/town_ws/install/village_interfaces:/home/tony/town_ws/install/village_zhang:/home/tony/town_ws/install/village_wang:/home/tony/town_ws/install/village_li:/opt/ros/foxy PYTHONPATH=/home/tony/town_ws/install/village_interfaces/lib/python3.8/site-packages:/home/tony/town_ws/install/village_li/lib/python3.8/site-packages:/opt/ros/foxy/lib/python3.8/site-packages /usr/bin/cmake --build /home/tony/town_ws/build/village_zhang -- -j16 -l16
[0.244s] [100%] Built target zhang3_node
[0.256s] Invoked command in '/home/tony/town_ws/build/village_zhang' returned '0': CMAKE_PREFIX_PATH=/home/tony/town_ws/install/village_interfaces:/home/tony/town_ws/install/village_zhang:/home/tony/town_ws/install/village_wang:/home/tony/town_ws/install/village_li:/opt/ros/foxy PYTHONPATH=/home/tony/town_ws/install/village_interfaces/lib/python3.8/site-packages:/home/tony/town_ws/install/village_li/lib/python3.8/site-packages:/opt/ros/foxy/lib/python3.8/site-packages /usr/bin/cmake --build /home/tony/town_ws/build/village_zhang -- -j16 -l16
[0.282s] Invoking command in '/home/tony/town_ws/build/village_zhang': CMAKE_PREFIX_PATH=/home/tony/town_ws/install/village_interfaces:/home/tony/town_ws/install/village_zhang:/home/tony/town_ws/install/village_wang:/home/tony/town_ws/install/village_li:/opt/ros/foxy PYTHONPATH=/home/tony/town_ws/install/village_interfaces/lib/python3.8/site-packages:/home/tony/town_ws/install/village_li/lib/python3.8/site-packages:/opt/ros/foxy/lib/python3.8/site-packages /usr/bin/cmake --install /home/tony/town_ws/build/village_zhang
[0.289s] -- Install configuration: ""
[0.291s] -- Up-to-date: /home/tony/town_ws/install/village_zhang/share/ament_index/resource_index/package_run_dependencies/village_zhang
[0.291s] -- Up-to-date: /home/tony/town_ws/install/village_zhang/share/ament_index/resource_index/parent_prefix_path/village_zhang
[0.291s] -- Up-to-date: /home/tony/town_ws/install/village_zhang/share/village_zhang/environment/ament_prefix_path.sh
[0.291s] -- Up-to-date: /home/tony/town_ws/install/village_zhang/share/village_zhang/environment/ament_prefix_path.dsv
[0.291s] -- Up-to-date: /home/tony/town_ws/install/village_zhang/share/village_zhang/environment/path.sh
[0.291s] -- Up-to-date: /home/tony/town_ws/install/village_zhang/share/village_zhang/environment/path.dsv
[0.291s] -- Up-to-date: /home/tony/town_ws/install/village_zhang/share/village_zhang/local_setup.bash
[0.292s] -- Up-to-date: /home/tony/town_ws/install/village_zhang/share/village_zhang/local_setup.sh
[0.292s] -- Up-to-date: /home/tony/town_ws/install/village_zhang/share/village_zhang/local_setup.zsh
[0.292s] -- Up-to-date: /home/tony/town_ws/install/village_zhang/share/village_zhang/local_setup.dsv
[0.292s] -- Installing: /home/tony/town_ws/install/village_zhang/share/village_zhang/package.dsv
[0.292s] -- Up-to-date: /home/tony/town_ws/install/village_zhang/share/ament_index/resource_index/packages/village_zhang
[0.292s] -- Up-to-date: /home/tony/town_ws/install/village_zhang/share/village_zhang/cmake/village_zhangConfig.cmake
[0.292s] -- Up-to-date: /home/tony/town_ws/install/village_zhang/share/village_zhang/cmake/village_zhangConfig-version.cmake
[0.292s] -- Up-to-date: /home/tony/town_ws/install/village_zhang/share/village_zhang/package.xml
[0.292s] -- Up-to-date: /home/tony/town_ws/install/village_zhang/lib/village_zhang/zhang3_node
[0.300s] Invoked command in '/home/tony/town_ws/build/village_zhang' returned '0': CMAKE_PREFIX_PATH=/home/tony/town_ws/install/village_interfaces:/home/tony/town_ws/install/village_zhang:/home/tony/town_ws/install/village_wang:/home/tony/town_ws/install/village_li:/opt/ros/foxy PYTHONPATH=/home/tony/town_ws/install/village_interfaces/lib/python3.8/site-packages:/home/tony/town_ws/install/village_li/lib/python3.8/site-packages:/opt/ros/foxy/lib/python3.8/site-packages /usr/bin/cmake --install /home/tony/town_ws/build/village_zhang
