[0.133s] DEBUG:colcon:Command line arguments: ['/usr/bin/colcon', 'build']
[0.133s] DEBUG:colcon:Parsed command line arguments: Namespace(allow_overriding=[], ament_cmake_args=None, base_paths=['.'], build_base='build', catkin_cmake_args=None, catkin_skip_building_tests=False, cmake_args=None, cmake_clean_cache=False, cmake_clean_first=False, cmake_force_configure=False, cmake_target=None, cmake_target_skip_unavailable=False, continue_on_error=False, event_handlers=None, executor='parallel', ignore_user_meta=False, install_base='install', log_base=None, log_level=None, main=<bound method BuildVerb.main of <colcon_core.verb.build.BuildVerb object at 0x7f07c1a9cee0>>, merge_install=False, metas=['./colcon.meta'], packages_above=None, packages_above_and_dependencies=None, packages_above_depth=None, packages_end=None, packages_ignore=None, packages_ignore_regex=None, packages_select=None, packages_select_build_failed=False, packages_select_by_dep=None, packages_select_regex=None, packages_select_test_failures=False, packages_skip=None, packages_skip_build_finished=False, packages_skip_by_dep=None, packages_skip_regex=None, packages_skip_test_passed=False, packages_skip_up_to=None, packages_start=None, packages_up_to=None, packages_up_to_regex=None, parallel_workers=16, paths=None, symlink_install=False, test_result_base=None, verb_extension=<colcon_core.verb.build.BuildVerb object at 0x7f07c1a9cee0>, verb_name='build', verb_parser=<colcon_defaults.argument_parser.defaults.DefaultArgumentsDecorator object at 0x7f07c193fa60>)
[0.246s] Level 1:colcon.colcon_core.package_discovery:discover_packages(colcon_meta) check parameters
[0.246s] Level 1:colcon.colcon_core.package_discovery:discover_packages(recursive) check parameters
[0.246s] Level 1:colcon.colcon_core.package_discovery:discover_packages(ignore) check parameters
[0.246s] Level 1:colcon.colcon_core.package_discovery:discover_packages(path) check parameters
[0.246s] Level 1:colcon.colcon_core.package_discovery:discover_packages(colcon_meta) discover
[0.246s] Level 1:colcon.colcon_core.package_discovery:discover_packages(recursive) discover
[0.246s] INFO:colcon.colcon_core.package_discovery:Crawling recursively for packages in '/home/tony/town_ws'
[0.246s] Level 1:colcon.colcon_core.package_identification:_identify(.) by extensions ['ignore', 'ignore_ament_install']
[0.246s] Level 1:colcon.colcon_core.package_identification:_identify(.) by extension 'ignore'
[0.247s] Level 1:colcon.colcon_core.package_identification:_identify(.) by extension 'ignore_ament_install'
[0.247s] Level 1:colcon.colcon_core.package_identification:_identify(.) by extensions ['colcon_pkg']
[0.247s] Level 1:colcon.colcon_core.package_identification:_identify(.) by extension 'colcon_pkg'
[0.247s] Level 1:colcon.colcon_core.package_identification:_identify(.) by extensions ['colcon_meta']
[0.247s] Level 1:colcon.colcon_core.package_identification:_identify(.) by extension 'colcon_meta'
[0.247s] Level 1:colcon.colcon_core.package_identification:_identify(.) by extensions ['ros']
[0.247s] Level 1:colcon.colcon_core.package_identification:_identify(.) by extension 'ros'
[0.254s] Level 1:colcon.colcon_core.package_identification:_identify(.) by extensions ['cmake', 'python']
[0.255s] Level 1:colcon.colcon_core.package_identification:_identify(.) by extension 'cmake'
[0.255s] Level 1:colcon.colcon_core.package_identification:_identify(.) by extension 'python'
[0.255s] Level 1:colcon.colcon_core.package_identification:_identify(.) by extensions ['python_setup_py']
[0.255s] Level 1:colcon.colcon_core.package_identification:_identify(.) by extension 'python_setup_py'
[0.255s] Level 1:colcon.colcon_core.package_identification:_identify(build) by extensions ['ignore', 'ignore_ament_install']
[0.255s] Level 1:colcon.colcon_core.package_identification:_identify(build) by extension 'ignore'
[0.255s] Level 1:colcon.colcon_core.package_identification:_identify(build) ignored
[0.255s] Level 1:colcon.colcon_core.package_identification:_identify(install) by extensions ['ignore', 'ignore_ament_install']
[0.255s] Level 1:colcon.colcon_core.package_identification:_identify(install) by extension 'ignore'
[0.255s] Level 1:colcon.colcon_core.package_identification:_identify(install) ignored
[0.255s] Level 1:colcon.colcon_core.package_identification:_identify(log) by extensions ['ignore', 'ignore_ament_install']
[0.255s] Level 1:colcon.colcon_core.package_identification:_identify(log) by extension 'ignore'
[0.255s] Level 1:colcon.colcon_core.package_identification:_identify(log) ignored
[0.255s] Level 1:colcon.colcon_core.package_identification:_identify(src) by extensions ['ignore', 'ignore_ament_install']
[0.255s] Level 1:colcon.colcon_core.package_identification:_identify(src) by extension 'ignore'
[0.255s] Level 1:colcon.colcon_core.package_identification:_identify(src) by extension 'ignore_ament_install'
[0.255s] Level 1:colcon.colcon_core.package_identification:_identify(src) by extensions ['colcon_pkg']
[0.256s] Level 1:colcon.colcon_core.package_identification:_identify(src) by extension 'colcon_pkg'
[0.256s] Level 1:colcon.colcon_core.package_identification:_identify(src) by extensions ['colcon_meta']
[0.256s] Level 1:colcon.colcon_core.package_identification:_identify(src) by extension 'colcon_meta'
[0.256s] Level 1:colcon.colcon_core.package_identification:_identify(src) by extensions ['ros']
[0.256s] Level 1:colcon.colcon_core.package_identification:_identify(src) by extension 'ros'
[0.256s] Level 1:colcon.colcon_core.package_identification:_identify(src) by extensions ['cmake', 'python']
[0.256s] Level 1:colcon.colcon_core.package_identification:_identify(src) by extension 'cmake'
[0.256s] Level 1:colcon.colcon_core.package_identification:_identify(src) by extension 'python'
[0.256s] Level 1:colcon.colcon_core.package_identification:_identify(src) by extensions ['python_setup_py']
[0.256s] Level 1:colcon.colcon_core.package_identification:_identify(src) by extension 'python_setup_py'
[0.256s] Level 1:colcon.colcon_core.package_identification:_identify(src/action_test_cpp) by extensions ['ignore', 'ignore_ament_install']
[0.256s] Level 1:colcon.colcon_core.package_identification:_identify(src/action_test_cpp) by extension 'ignore'
[0.256s] Level 1:colcon.colcon_core.package_identification:_identify(src/action_test_cpp) by extension 'ignore_ament_install'
[0.256s] Level 1:colcon.colcon_core.package_identification:_identify(src/action_test_cpp) by extensions ['colcon_pkg']
[0.256s] Level 1:colcon.colcon_core.package_identification:_identify(src/action_test_cpp) by extension 'colcon_pkg'
[0.256s] Level 1:colcon.colcon_core.package_identification:_identify(src/action_test_cpp) by extensions ['colcon_meta']
[0.256s] Level 1:colcon.colcon_core.package_identification:_identify(src/action_test_cpp) by extension 'colcon_meta'
[0.256s] Level 1:colcon.colcon_core.package_identification:_identify(src/action_test_cpp) by extensions ['ros']
[0.256s] Level 1:colcon.colcon_core.package_identification:_identify(src/action_test_cpp) by extension 'ros'
[0.258s] DEBUG:colcon.colcon_core.package_identification:Package 'src/action_test_cpp' with type 'ros.ament_cmake' and name 'action_test_cpp'
[0.258s] Level 1:colcon.colcon_core.package_identification:_identify(src/village_interfaces) by extensions ['ignore', 'ignore_ament_install']
[0.258s] Level 1:colcon.colcon_core.package_identification:_identify(src/village_interfaces) by extension 'ignore'
[0.258s] Level 1:colcon.colcon_core.package_identification:_identify(src/village_interfaces) by extension 'ignore_ament_install'
[0.258s] Level 1:colcon.colcon_core.package_identification:_identify(src/village_interfaces) by extensions ['colcon_pkg']
[0.258s] Level 1:colcon.colcon_core.package_identification:_identify(src/village_interfaces) by extension 'colcon_pkg'
[0.258s] Level 1:colcon.colcon_core.package_identification:_identify(src/village_interfaces) by extensions ['colcon_meta']
[0.258s] Level 1:colcon.colcon_core.package_identification:_identify(src/village_interfaces) by extension 'colcon_meta'
[0.258s] Level 1:colcon.colcon_core.package_identification:_identify(src/village_interfaces) by extensions ['ros']
[0.258s] Level 1:colcon.colcon_core.package_identification:_identify(src/village_interfaces) by extension 'ros'
[0.259s] DEBUG:colcon.colcon_core.package_identification:Package 'src/village_interfaces' with type 'ros.ament_cmake' and name 'village_interfaces'
[0.259s] Level 1:colcon.colcon_core.package_identification:_identify(src/village_li) by extensions ['ignore', 'ignore_ament_install']
[0.259s] Level 1:colcon.colcon_core.package_identification:_identify(src/village_li) by extension 'ignore'
[0.259s] Level 1:colcon.colcon_core.package_identification:_identify(src/village_li) by extension 'ignore_ament_install'
[0.259s] Level 1:colcon.colcon_core.package_identification:_identify(src/village_li) by extensions ['colcon_pkg']
[0.259s] Level 1:colcon.colcon_core.package_identification:_identify(src/village_li) by extension 'colcon_pkg'
[0.259s] Level 1:colcon.colcon_core.package_identification:_identify(src/village_li) by extensions ['colcon_meta']
[0.259s] Level 1:colcon.colcon_core.package_identification:_identify(src/village_li) by extension 'colcon_meta'
[0.259s] Level 1:colcon.colcon_core.package_identification:_identify(src/village_li) by extensions ['ros']
[0.259s] Level 1:colcon.colcon_core.package_identification:_identify(src/village_li) by extension 'ros'
[0.260s] DEBUG:colcon.colcon_core.package_identification:Package 'src/village_li' with type 'ros.ament_python' and name 'village_li'
[0.260s] Level 1:colcon.colcon_core.package_identification:_identify(src/village_wang) by extensions ['ignore', 'ignore_ament_install']
[0.260s] Level 1:colcon.colcon_core.package_identification:_identify(src/village_wang) by extension 'ignore'
[0.260s] Level 1:colcon.colcon_core.package_identification:_identify(src/village_wang) by extension 'ignore_ament_install'
[0.260s] Level 1:colcon.colcon_core.package_identification:_identify(src/village_wang) by extensions ['colcon_pkg']
[0.260s] Level 1:colcon.colcon_core.package_identification:_identify(src/village_wang) by extension 'colcon_pkg'
[0.260s] Level 1:colcon.colcon_core.package_identification:_identify(src/village_wang) by extensions ['colcon_meta']
[0.260s] Level 1:colcon.colcon_core.package_identification:_identify(src/village_wang) by extension 'colcon_meta'
[0.260s] Level 1:colcon.colcon_core.package_identification:_identify(src/village_wang) by extensions ['ros']
[0.260s] Level 1:colcon.colcon_core.package_identification:_identify(src/village_wang) by extension 'ros'
[0.260s] DEBUG:colcon.colcon_core.package_identification:Package 'src/village_wang' with type 'ros.ament_cmake' and name 'village_wang'
[0.260s] Level 1:colcon.colcon_core.package_identification:_identify(src/village_zhang) by extensions ['ignore', 'ignore_ament_install']
[0.260s] Level 1:colcon.colcon_core.package_identification:_identify(src/village_zhang) by extension 'ignore'
[0.260s] Level 1:colcon.colcon_core.package_identification:_identify(src/village_zhang) by extension 'ignore_ament_install'
[0.261s] Level 1:colcon.colcon_core.package_identification:_identify(src/village_zhang) by extensions ['colcon_pkg']
[0.261s] Level 1:colcon.colcon_core.package_identification:_identify(src/village_zhang) by extension 'colcon_pkg'
[0.261s] Level 1:colcon.colcon_core.package_identification:_identify(src/village_zhang) by extensions ['colcon_meta']
[0.261s] Level 1:colcon.colcon_core.package_identification:_identify(src/village_zhang) by extension 'colcon_meta'
[0.261s] Level 1:colcon.colcon_core.package_identification:_identify(src/village_zhang) by extensions ['ros']
[0.261s] Level 1:colcon.colcon_core.package_identification:_identify(src/village_zhang) by extension 'ros'
[0.261s] DEBUG:colcon.colcon_core.package_identification:Package 'src/village_zhang' with type 'ros.ament_cmake' and name 'village_zhang'
[0.261s] Level 1:colcon.colcon_core.package_discovery:discover_packages(recursive) using defaults
[0.261s] Level 1:colcon.colcon_core.package_discovery:discover_packages(ignore) discover
[0.261s] Level 1:colcon.colcon_core.package_discovery:discover_packages(ignore) using defaults
[0.261s] Level 1:colcon.colcon_core.package_discovery:discover_packages(path) discover
[0.261s] Level 1:colcon.colcon_core.package_discovery:discover_packages(path) using defaults
[0.273s] Level 1:colcon.colcon_core.package_discovery:discover_packages(prefix_path) check parameters
[0.273s] Level 1:colcon.colcon_core.package_discovery:discover_packages(prefix_path) discover
[0.275s] DEBUG:colcon.colcon_installed_package_information.package_discovery:Found 5 installed packages in /home/tony/town_ws/install
[0.276s] DEBUG:colcon.colcon_installed_package_information.package_discovery:Found 283 installed packages in /opt/ros/foxy
[0.277s] Level 1:colcon.colcon_core.package_discovery:discover_packages(prefix_path) using defaults
[0.330s] Level 5:colcon.colcon_core.verb:set package 'action_test_cpp' build argument 'cmake_args' from command line to 'None'
[0.330s] Level 5:colcon.colcon_core.verb:set package 'action_test_cpp' build argument 'cmake_target' from command line to 'None'
[0.330s] Level 5:colcon.colcon_core.verb:set package 'action_test_cpp' build argument 'cmake_target_skip_unavailable' from command line to 'False'
[0.330s] Level 5:colcon.colcon_core.verb:set package 'action_test_cpp' build argument 'cmake_clean_cache' from command line to 'False'
[0.330s] Level 5:colcon.colcon_core.verb:set package 'action_test_cpp' build argument 'cmake_clean_first' from command line to 'False'
[0.330s] Level 5:colcon.colcon_core.verb:set package 'action_test_cpp' build argument 'cmake_force_configure' from command line to 'False'
[0.330s] Level 5:colcon.colcon_core.verb:set package 'action_test_cpp' build argument 'ament_cmake_args' from command line to 'None'
[0.330s] Level 5:colcon.colcon_core.verb:set package 'action_test_cpp' build argument 'catkin_cmake_args' from command line to 'None'
[0.330s] Level 5:colcon.colcon_core.verb:set package 'action_test_cpp' build argument 'catkin_skip_building_tests' from command line to 'False'
[0.331s] DEBUG:colcon.colcon_core.verb:Building package 'action_test_cpp' with the following arguments: {'ament_cmake_args': None, 'build_base': '/home/tony/town_ws/build/action_test_cpp', 'catkin_cmake_args': None, 'catkin_skip_building_tests': False, 'cmake_args': None, 'cmake_clean_cache': False, 'cmake_clean_first': False, 'cmake_force_configure': False, 'cmake_target': None, 'cmake_target_skip_unavailable': False, 'install_base': '/home/tony/town_ws/install/action_test_cpp', 'merge_install': False, 'path': '/home/tony/town_ws/src/action_test_cpp', 'symlink_install': False, 'test_result_base': None}
[0.331s] Level 5:colcon.colcon_core.verb:set package 'village_interfaces' build argument 'cmake_args' from command line to 'None'
[0.331s] Level 5:colcon.colcon_core.verb:set package 'village_interfaces' build argument 'cmake_target' from command line to 'None'
[0.331s] Level 5:colcon.colcon_core.verb:set package 'village_interfaces' build argument 'cmake_target_skip_unavailable' from command line to 'False'
[0.331s] Level 5:colcon.colcon_core.verb:set package 'village_interfaces' build argument 'cmake_clean_cache' from command line to 'False'
[0.331s] Level 5:colcon.colcon_core.verb:set package 'village_interfaces' build argument 'cmake_clean_first' from command line to 'False'
[0.331s] Level 5:colcon.colcon_core.verb:set package 'village_interfaces' build argument 'cmake_force_configure' from command line to 'False'
[0.331s] Level 5:colcon.colcon_core.verb:set package 'village_interfaces' build argument 'ament_cmake_args' from command line to 'None'
[0.331s] Level 5:colcon.colcon_core.verb:set package 'village_interfaces' build argument 'catkin_cmake_args' from command line to 'None'
[0.331s] Level 5:colcon.colcon_core.verb:set package 'village_interfaces' build argument 'catkin_skip_building_tests' from command line to 'False'
[0.331s] DEBUG:colcon.colcon_core.verb:Building package 'village_interfaces' with the following arguments: {'ament_cmake_args': None, 'build_base': '/home/tony/town_ws/build/village_interfaces', 'catkin_cmake_args': None, 'catkin_skip_building_tests': False, 'cmake_args': None, 'cmake_clean_cache': False, 'cmake_clean_first': False, 'cmake_force_configure': False, 'cmake_target': None, 'cmake_target_skip_unavailable': False, 'install_base': '/home/tony/town_ws/install/village_interfaces', 'merge_install': False, 'path': '/home/tony/town_ws/src/village_interfaces', 'symlink_install': False, 'test_result_base': None}
[0.331s] Level 5:colcon.colcon_core.verb:set package 'village_li' build argument 'cmake_args' from command line to 'None'
[0.331s] Level 5:colcon.colcon_core.verb:set package 'village_li' build argument 'cmake_target' from command line to 'None'
[0.331s] Level 5:colcon.colcon_core.verb:set package 'village_li' build argument 'cmake_target_skip_unavailable' from command line to 'False'
[0.331s] Level 5:colcon.colcon_core.verb:set package 'village_li' build argument 'cmake_clean_cache' from command line to 'False'
[0.331s] Level 5:colcon.colcon_core.verb:set package 'village_li' build argument 'cmake_clean_first' from command line to 'False'
[0.331s] Level 5:colcon.colcon_core.verb:set package 'village_li' build argument 'cmake_force_configure' from command line to 'False'
[0.331s] Level 5:colcon.colcon_core.verb:set package 'village_li' build argument 'ament_cmake_args' from command line to 'None'
[0.331s] Level 5:colcon.colcon_core.verb:set package 'village_li' build argument 'catkin_cmake_args' from command line to 'None'
[0.331s] Level 5:colcon.colcon_core.verb:set package 'village_li' build argument 'catkin_skip_building_tests' from command line to 'False'
[0.331s] DEBUG:colcon.colcon_core.verb:Building package 'village_li' with the following arguments: {'ament_cmake_args': None, 'build_base': '/home/tony/town_ws/build/village_li', 'catkin_cmake_args': None, 'catkin_skip_building_tests': False, 'cmake_args': None, 'cmake_clean_cache': False, 'cmake_clean_first': False, 'cmake_force_configure': False, 'cmake_target': None, 'cmake_target_skip_unavailable': False, 'install_base': '/home/tony/town_ws/install/village_li', 'merge_install': False, 'path': '/home/tony/town_ws/src/village_li', 'symlink_install': False, 'test_result_base': None}
[0.332s] Level 5:colcon.colcon_core.verb:set package 'village_wang' build argument 'cmake_args' from command line to 'None'
[0.332s] Level 5:colcon.colcon_core.verb:set package 'village_wang' build argument 'cmake_target' from command line to 'None'
[0.332s] Level 5:colcon.colcon_core.verb:set package 'village_wang' build argument 'cmake_target_skip_unavailable' from command line to 'False'
[0.332s] Level 5:colcon.colcon_core.verb:set package 'village_wang' build argument 'cmake_clean_cache' from command line to 'False'
[0.332s] Level 5:colcon.colcon_core.verb:set package 'village_wang' build argument 'cmake_clean_first' from command line to 'False'
[0.332s] Level 5:colcon.colcon_core.verb:set package 'village_wang' build argument 'cmake_force_configure' from command line to 'False'
[0.332s] Level 5:colcon.colcon_core.verb:set package 'village_wang' build argument 'ament_cmake_args' from command line to 'None'
[0.332s] Level 5:colcon.colcon_core.verb:set package 'village_wang' build argument 'catkin_cmake_args' from command line to 'None'
[0.332s] Level 5:colcon.colcon_core.verb:set package 'village_wang' build argument 'catkin_skip_building_tests' from command line to 'False'
[0.332s] DEBUG:colcon.colcon_core.verb:Building package 'village_wang' with the following arguments: {'ament_cmake_args': None, 'build_base': '/home/tony/town_ws/build/village_wang', 'catkin_cmake_args': None, 'catkin_skip_building_tests': False, 'cmake_args': None, 'cmake_clean_cache': False, 'cmake_clean_first': False, 'cmake_force_configure': False, 'cmake_target': None, 'cmake_target_skip_unavailable': False, 'install_base': '/home/tony/town_ws/install/village_wang', 'merge_install': False, 'path': '/home/tony/town_ws/src/village_wang', 'symlink_install': False, 'test_result_base': None}
[0.332s] Level 5:colcon.colcon_core.verb:set package 'village_zhang' build argument 'cmake_args' from command line to 'None'
[0.332s] Level 5:colcon.colcon_core.verb:set package 'village_zhang' build argument 'cmake_target' from command line to 'None'
[0.332s] Level 5:colcon.colcon_core.verb:set package 'village_zhang' build argument 'cmake_target_skip_unavailable' from command line to 'False'
[0.332s] Level 5:colcon.colcon_core.verb:set package 'village_zhang' build argument 'cmake_clean_cache' from command line to 'False'
[0.332s] Level 5:colcon.colcon_core.verb:set package 'village_zhang' build argument 'cmake_clean_first' from command line to 'False'
[0.332s] Level 5:colcon.colcon_core.verb:set package 'village_zhang' build argument 'cmake_force_configure' from command line to 'False'
[0.332s] Level 5:colcon.colcon_core.verb:set package 'village_zhang' build argument 'ament_cmake_args' from command line to 'None'
[0.332s] Level 5:colcon.colcon_core.verb:set package 'village_zhang' build argument 'catkin_cmake_args' from command line to 'None'
[0.332s] Level 5:colcon.colcon_core.verb:set package 'village_zhang' build argument 'catkin_skip_building_tests' from command line to 'False'
[0.332s] DEBUG:colcon.colcon_core.verb:Building package 'village_zhang' with the following arguments: {'ament_cmake_args': None, 'build_base': '/home/tony/town_ws/build/village_zhang', 'catkin_cmake_args': None, 'catkin_skip_building_tests': False, 'cmake_args': None, 'cmake_clean_cache': False, 'cmake_clean_first': False, 'cmake_force_configure': False, 'cmake_target': None, 'cmake_target_skip_unavailable': False, 'install_base': '/home/tony/town_ws/install/village_zhang', 'merge_install': False, 'path': '/home/tony/town_ws/src/village_zhang', 'symlink_install': False, 'test_result_base': None}
[0.332s] INFO:colcon.colcon_core.executor:Executing jobs using 'parallel' executor
[0.334s] DEBUG:colcon.colcon_parallel_executor.executor.parallel:run_until_complete
[0.334s] INFO:colcon.colcon_ros.task.ament_cmake.build:Building ROS package in '/home/tony/town_ws/src/village_interfaces' with build type 'ament_cmake'
[0.334s] INFO:colcon.colcon_cmake.task.cmake.build:Building CMake package in '/home/tony/town_ws/src/village_interfaces'
[0.336s] INFO:colcon.colcon_core.plugin_system:Skipping extension 'colcon_core.shell.bat': Not used on non-Windows systems
[0.336s] INFO:colcon.colcon_core.shell:Skip shell extension 'powershell' for command environment: Not usable outside of PowerShell
[0.336s] DEBUG:colcon.colcon_core.shell:Skip shell extension 'dsv' for command environment
[0.340s] INFO:colcon.colcon_ros.task.ament_cmake.build:Building ROS package in '/home/tony/town_ws/src/action_test_cpp' with build type 'ament_cmake'
[0.341s] INFO:colcon.colcon_cmake.task.cmake.build:Building CMake package in '/home/tony/town_ws/src/action_test_cpp'
[0.341s] INFO:colcon.colcon_core.shell:Skip shell extension 'powershell' for command environment: Not usable outside of PowerShell
[0.341s] DEBUG:colcon.colcon_core.shell:Skip shell extension 'dsv' for command environment
[0.351s] DEBUG:colcon.colcon_core.event_handler.log_command:Invoking command in '/home/tony/town_ws/build/village_interfaces': CMAKE_PREFIX_PATH=${CMAKE_PREFIX_PATH}:/home/tony/town_ws/install/village_li:/opt/ros/foxy /usr/bin/cmake --build /home/tony/town_ws/build/village_interfaces -- -j16 -l16
[0.356s] DEBUG:colcon.colcon_core.event_handler.log_command:Invoking command in '/home/tony/town_ws/build/action_test_cpp': CMAKE_PREFIX_PATH=${CMAKE_PREFIX_PATH}:/home/tony/town_ws/install/village_li:/opt/ros/foxy /usr/bin/cmake --build /home/tony/town_ws/build/action_test_cpp -- -j16 -l16
[0.392s] DEBUG:colcon.colcon_core.event_handler.log_command:Invoked command in '/home/tony/town_ws/build/action_test_cpp' returned '0': CMAKE_PREFIX_PATH=${CMAKE_PREFIX_PATH}:/home/tony/town_ws/install/village_li:/opt/ros/foxy /usr/bin/cmake --build /home/tony/town_ws/build/action_test_cpp -- -j16 -l16
[0.421s] DEBUG:colcon.colcon_core.event_handler.log_command:Invoking command in '/home/tony/town_ws/build/action_test_cpp': CMAKE_PREFIX_PATH=${CMAKE_PREFIX_PATH}:/home/tony/town_ws/install/village_li:/opt/ros/foxy /usr/bin/cmake --install /home/tony/town_ws/build/action_test_cpp
[0.429s] Level 1:colcon.colcon_core.environment:create_environment_scripts_only(action_test_cpp)
[0.429s] DEBUG:colcon.colcon_core.event_handler.log_command:Invoked command in '/home/tony/town_ws/build/action_test_cpp' returned '0': CMAKE_PREFIX_PATH=${CMAKE_PREFIX_PATH}:/home/tony/town_ws/install/village_li:/opt/ros/foxy /usr/bin/cmake --install /home/tony/town_ws/build/action_test_cpp
[0.431s] Level 1:colcon.colcon_core.environment:checking '/home/tony/town_ws/install/action_test_cpp' for CMake module files
[0.431s] Level 1:colcon.colcon_core.environment:checking '/home/tony/town_ws/install/action_test_cpp' for CMake config files
[0.431s] Level 1:colcon.colcon_core.shell:create_environment_hook('action_test_cpp', 'cmake_prefix_path')
[0.432s] INFO:colcon.colcon_core.shell:Creating environment hook '/home/tony/town_ws/install/action_test_cpp/share/action_test_cpp/hook/cmake_prefix_path.ps1'
[0.432s] INFO:colcon.colcon_core.shell:Creating environment descriptor '/home/tony/town_ws/install/action_test_cpp/share/action_test_cpp/hook/cmake_prefix_path.dsv'
[0.432s] INFO:colcon.colcon_core.shell:Creating environment hook '/home/tony/town_ws/install/action_test_cpp/share/action_test_cpp/hook/cmake_prefix_path.sh'
[0.433s] Level 1:colcon.colcon_core.environment:checking '/home/tony/town_ws/install/action_test_cpp/bin'
[0.433s] Level 1:colcon.colcon_core.environment:checking '/home/tony/town_ws/install/action_test_cpp/lib/pkgconfig/action_test_cpp.pc'
[0.434s] Level 1:colcon.colcon_core.environment:checking '/home/tony/town_ws/install/action_test_cpp/lib/python3.8/site-packages'
[0.434s] Level 1:colcon.colcon_core.environment:checking '/home/tony/town_ws/install/action_test_cpp/bin'
[0.434s] INFO:colcon.colcon_core.shell:Creating package script '/home/tony/town_ws/install/action_test_cpp/share/action_test_cpp/package.ps1'
[0.435s] INFO:colcon.colcon_core.shell:Creating package descriptor '/home/tony/town_ws/install/action_test_cpp/share/action_test_cpp/package.dsv'
[0.435s] INFO:colcon.colcon_core.shell:Creating package script '/home/tony/town_ws/install/action_test_cpp/share/action_test_cpp/package.sh'
[0.435s] INFO:colcon.colcon_core.shell:Creating package script '/home/tony/town_ws/install/action_test_cpp/share/action_test_cpp/package.bash'
[0.436s] INFO:colcon.colcon_core.shell:Creating package script '/home/tony/town_ws/install/action_test_cpp/share/action_test_cpp/package.zsh'
[0.436s] Level 1:colcon.colcon_core.environment:create_file_with_runtime_dependencies(/home/tony/town_ws/install/action_test_cpp/share/colcon-core/packages/action_test_cpp)
[0.457s] Level 1:colcon.colcon_core.environment:create_environment_scripts_only(action_test_cpp)
[0.457s] Level 1:colcon.colcon_core.environment:checking '/home/tony/town_ws/install/action_test_cpp' for CMake module files
[0.458s] Level 1:colcon.colcon_core.environment:checking '/home/tony/town_ws/install/action_test_cpp' for CMake config files
[0.458s] Level 1:colcon.colcon_core.shell:create_environment_hook('action_test_cpp', 'cmake_prefix_path')
[0.458s] INFO:colcon.colcon_core.shell:Creating environment hook '/home/tony/town_ws/install/action_test_cpp/share/action_test_cpp/hook/cmake_prefix_path.ps1'
[0.458s] INFO:colcon.colcon_core.shell:Creating environment descriptor '/home/tony/town_ws/install/action_test_cpp/share/action_test_cpp/hook/cmake_prefix_path.dsv'
[0.459s] INFO:colcon.colcon_core.shell:Creating environment hook '/home/tony/town_ws/install/action_test_cpp/share/action_test_cpp/hook/cmake_prefix_path.sh'
[0.459s] Level 1:colcon.colcon_core.environment:checking '/home/tony/town_ws/install/action_test_cpp/bin'
[0.459s] Level 1:colcon.colcon_core.environment:checking '/home/tony/town_ws/install/action_test_cpp/lib/pkgconfig/action_test_cpp.pc'
[0.459s] Level 1:colcon.colcon_core.environment:checking '/home/tony/town_ws/install/action_test_cpp/lib/python3.8/site-packages'
[0.459s] Level 1:colcon.colcon_core.environment:checking '/home/tony/town_ws/install/action_test_cpp/bin'
[0.460s] INFO:colcon.colcon_core.shell:Creating package script '/home/tony/town_ws/install/action_test_cpp/share/action_test_cpp/package.ps1'
[0.460s] INFO:colcon.colcon_core.shell:Creating package descriptor '/home/tony/town_ws/install/action_test_cpp/share/action_test_cpp/package.dsv'
[0.460s] INFO:colcon.colcon_core.shell:Creating package script '/home/tony/town_ws/install/action_test_cpp/share/action_test_cpp/package.sh'
[0.461s] INFO:colcon.colcon_core.shell:Creating package script '/home/tony/town_ws/install/action_test_cpp/share/action_test_cpp/package.bash'
[0.461s] INFO:colcon.colcon_core.shell:Creating package script '/home/tony/town_ws/install/action_test_cpp/share/action_test_cpp/package.zsh'
[0.461s] Level 1:colcon.colcon_core.environment:create_file_with_runtime_dependencies(/home/tony/town_ws/install/action_test_cpp/share/colcon-core/packages/action_test_cpp)
[0.558s] DEBUG:colcon.colcon_core.event_handler.log_command:Invoked command in '/home/tony/town_ws/build/village_interfaces' returned '0': CMAKE_PREFIX_PATH=${CMAKE_PREFIX_PATH}:/home/tony/town_ws/install/village_li:/opt/ros/foxy /usr/bin/cmake --build /home/tony/town_ws/build/village_interfaces -- -j16 -l16
[0.630s] DEBUG:colcon.colcon_core.event_handler.log_command:Invoking command in '/home/tony/town_ws/build/village_interfaces': CMAKE_PREFIX_PATH=${CMAKE_PREFIX_PATH}:/home/tony/town_ws/install/village_li:/opt/ros/foxy /usr/bin/cmake --install /home/tony/town_ws/build/village_interfaces
[0.676s] Level 1:colcon.colcon_core.environment:create_environment_scripts_only(village_interfaces)
[0.676s] Level 1:colcon.colcon_core.environment:checking '/home/tony/town_ws/install/village_interfaces' for CMake module files
[0.677s] DEBUG:colcon.colcon_core.event_handler.log_command:Invoked command in '/home/tony/town_ws/build/village_interfaces' returned '0': CMAKE_PREFIX_PATH=${CMAKE_PREFIX_PATH}:/home/tony/town_ws/install/village_li:/opt/ros/foxy /usr/bin/cmake --install /home/tony/town_ws/build/village_interfaces
[0.677s] Level 1:colcon.colcon_core.environment:checking '/home/tony/town_ws/install/village_interfaces' for CMake config files
[0.678s] Level 1:colcon.colcon_core.shell:create_environment_hook('village_interfaces', 'cmake_prefix_path')
[0.678s] INFO:colcon.colcon_core.shell:Creating environment hook '/home/tony/town_ws/install/village_interfaces/share/village_interfaces/hook/cmake_prefix_path.ps1'
[0.678s] INFO:colcon.colcon_core.shell:Creating environment descriptor '/home/tony/town_ws/install/village_interfaces/share/village_interfaces/hook/cmake_prefix_path.dsv'
[0.678s] INFO:colcon.colcon_core.shell:Creating environment hook '/home/tony/town_ws/install/village_interfaces/share/village_interfaces/hook/cmake_prefix_path.sh'
[0.679s] Level 1:colcon.colcon_core.environment:checking '/home/tony/town_ws/install/village_interfaces/lib'
[0.679s] Level 1:colcon.colcon_core.shell:create_environment_hook('village_interfaces', 'ld_library_path_lib')
[0.679s] INFO:colcon.colcon_core.shell:Creating environment hook '/home/tony/town_ws/install/village_interfaces/share/village_interfaces/hook/ld_library_path_lib.ps1'
[0.680s] INFO:colcon.colcon_core.shell:Creating environment descriptor '/home/tony/town_ws/install/village_interfaces/share/village_interfaces/hook/ld_library_path_lib.dsv'
[0.680s] INFO:colcon.colcon_core.shell:Creating environment hook '/home/tony/town_ws/install/village_interfaces/share/village_interfaces/hook/ld_library_path_lib.sh'
[0.680s] Level 1:colcon.colcon_core.environment:checking '/home/tony/town_ws/install/village_interfaces/bin'
[0.680s] Level 1:colcon.colcon_core.environment:checking '/home/tony/town_ws/install/village_interfaces/lib/pkgconfig/village_interfaces.pc'
[0.681s] Level 1:colcon.colcon_core.environment:checking '/home/tony/town_ws/install/village_interfaces/lib/python3.8/site-packages'
[0.681s] Level 1:colcon.colcon_core.shell:create_environment_hook('village_interfaces', 'pythonpath')
[0.681s] INFO:colcon.colcon_core.shell:Creating environment hook '/home/tony/town_ws/install/village_interfaces/share/village_interfaces/hook/pythonpath.ps1'
[0.681s] INFO:colcon.colcon_core.shell:Creating environment descriptor '/home/tony/town_ws/install/village_interfaces/share/village_interfaces/hook/pythonpath.dsv'
[0.681s] INFO:colcon.colcon_core.shell:Creating environment hook '/home/tony/town_ws/install/village_interfaces/share/village_interfaces/hook/pythonpath.sh'
[0.682s] Level 1:colcon.colcon_core.environment:checking '/home/tony/town_ws/install/village_interfaces/bin'
[0.682s] INFO:colcon.colcon_core.shell:Creating package script '/home/tony/town_ws/install/village_interfaces/share/village_interfaces/package.ps1'
[0.682s] INFO:colcon.colcon_core.shell:Creating package descriptor '/home/tony/town_ws/install/village_interfaces/share/village_interfaces/package.dsv'
[0.683s] INFO:colcon.colcon_core.shell:Creating package script '/home/tony/town_ws/install/village_interfaces/share/village_interfaces/package.sh'
[0.683s] INFO:colcon.colcon_core.shell:Creating package script '/home/tony/town_ws/install/village_interfaces/share/village_interfaces/package.bash'
[0.683s] INFO:colcon.colcon_core.shell:Creating package script '/home/tony/town_ws/install/village_interfaces/share/village_interfaces/package.zsh'
[0.683s] Level 1:colcon.colcon_core.environment:create_file_with_runtime_dependencies(/home/tony/town_ws/install/village_interfaces/share/colcon-core/packages/village_interfaces)
[0.753s] Level 1:colcon.colcon_core.environment:create_environment_scripts_only(village_interfaces)
[0.753s] Level 1:colcon.colcon_core.environment:checking '/home/tony/town_ws/install/village_interfaces' for CMake module files
[0.754s] Level 1:colcon.colcon_core.environment:checking '/home/tony/town_ws/install/village_interfaces' for CMake config files
[0.754s] Level 1:colcon.colcon_core.shell:create_environment_hook('village_interfaces', 'cmake_prefix_path')
[0.754s] INFO:colcon.colcon_core.shell:Creating environment hook '/home/tony/town_ws/install/village_interfaces/share/village_interfaces/hook/cmake_prefix_path.ps1'
[0.755s] INFO:colcon.colcon_core.shell:Creating environment descriptor '/home/tony/town_ws/install/village_interfaces/share/village_interfaces/hook/cmake_prefix_path.dsv'
[0.755s] INFO:colcon.colcon_core.shell:Creating environment hook '/home/tony/town_ws/install/village_interfaces/share/village_interfaces/hook/cmake_prefix_path.sh'
[0.756s] Level 1:colcon.colcon_core.environment:checking '/home/tony/town_ws/install/village_interfaces/lib'
[0.756s] Level 1:colcon.colcon_core.shell:create_environment_hook('village_interfaces', 'ld_library_path_lib')
[0.756s] INFO:colcon.colcon_core.shell:Creating environment hook '/home/tony/town_ws/install/village_interfaces/share/village_interfaces/hook/ld_library_path_lib.ps1'
[0.756s] INFO:colcon.colcon_core.shell:Creating environment descriptor '/home/tony/town_ws/install/village_interfaces/share/village_interfaces/hook/ld_library_path_lib.dsv'
[0.757s] INFO:colcon.colcon_core.shell:Creating environment hook '/home/tony/town_ws/install/village_interfaces/share/village_interfaces/hook/ld_library_path_lib.sh'
[0.757s] Level 1:colcon.colcon_core.environment:checking '/home/tony/town_ws/install/village_interfaces/bin'
[0.757s] Level 1:colcon.colcon_core.environment:checking '/home/tony/town_ws/install/village_interfaces/lib/pkgconfig/village_interfaces.pc'
[0.757s] Level 1:colcon.colcon_core.environment:checking '/home/tony/town_ws/install/village_interfaces/lib/python3.8/site-packages'
[0.757s] Level 1:colcon.colcon_core.shell:create_environment_hook('village_interfaces', 'pythonpath')
[0.758s] INFO:colcon.colcon_core.shell:Creating environment hook '/home/tony/town_ws/install/village_interfaces/share/village_interfaces/hook/pythonpath.ps1'
[0.758s] INFO:colcon.colcon_core.shell:Creating environment descriptor '/home/tony/town_ws/install/village_interfaces/share/village_interfaces/hook/pythonpath.dsv'
[0.758s] INFO:colcon.colcon_core.shell:Creating environment hook '/home/tony/town_ws/install/village_interfaces/share/village_interfaces/hook/pythonpath.sh'
[0.758s] Level 1:colcon.colcon_core.environment:checking '/home/tony/town_ws/install/village_interfaces/bin'
[0.759s] INFO:colcon.colcon_core.shell:Creating package script '/home/tony/town_ws/install/village_interfaces/share/village_interfaces/package.ps1'
[0.759s] INFO:colcon.colcon_core.shell:Creating package descriptor '/home/tony/town_ws/install/village_interfaces/share/village_interfaces/package.dsv'
[0.760s] INFO:colcon.colcon_core.shell:Creating package script '/home/tony/town_ws/install/village_interfaces/share/village_interfaces/package.sh'
[0.760s] INFO:colcon.colcon_core.shell:Creating package script '/home/tony/town_ws/install/village_interfaces/share/village_interfaces/package.bash'
[0.760s] INFO:colcon.colcon_core.shell:Creating package script '/home/tony/town_ws/install/village_interfaces/share/village_interfaces/package.zsh'
[0.761s] Level 1:colcon.colcon_core.environment:create_file_with_runtime_dependencies(/home/tony/town_ws/install/village_interfaces/share/colcon-core/packages/village_interfaces)
[0.761s] INFO:colcon.colcon_ros.task.ament_python.build:Building ROS package in '/home/tony/town_ws/src/village_li' with build type 'ament_python'
[0.761s] Level 1:colcon.colcon_core.shell:create_environment_hook('village_li', 'ament_prefix_path')
[0.761s] INFO:colcon.colcon_core.shell:Creating environment hook '/home/tony/town_ws/install/village_li/share/village_li/hook/ament_prefix_path.ps1'
[0.762s] INFO:colcon.colcon_core.shell:Creating environment descriptor '/home/tony/town_ws/install/village_li/share/village_li/hook/ament_prefix_path.dsv'
[0.762s] INFO:colcon.colcon_core.shell:Creating environment hook '/home/tony/town_ws/install/village_li/share/village_li/hook/ament_prefix_path.sh'
[0.763s] INFO:colcon.colcon_core.shell:Skip shell extension 'powershell' for command environment: Not usable outside of PowerShell
[0.763s] DEBUG:colcon.colcon_core.shell:Skip shell extension 'dsv' for command environment
[0.767s] INFO:colcon.colcon_ros.task.ament_cmake.build:Building ROS package in '/home/tony/town_ws/src/village_wang' with build type 'ament_cmake'
[0.767s] INFO:colcon.colcon_cmake.task.cmake.build:Building CMake package in '/home/tony/town_ws/src/village_wang'
[0.768s] INFO:colcon.colcon_core.shell:Skip shell extension 'powershell' for command environment: Not usable outside of PowerShell
[0.768s] DEBUG:colcon.colcon_core.shell:Skip shell extension 'dsv' for command environment
[0.772s] INFO:colcon.colcon_ros.task.ament_cmake.build:Building ROS package in '/home/tony/town_ws/src/village_zhang' with build type 'ament_cmake'
[0.772s] INFO:colcon.colcon_cmake.task.cmake.build:Building CMake package in '/home/tony/town_ws/src/village_zhang'
[0.773s] INFO:colcon.colcon_core.shell:Skip shell extension 'powershell' for command environment: Not usable outside of PowerShell
[0.773s] DEBUG:colcon.colcon_core.shell:Skip shell extension 'dsv' for command environment
[0.951s] INFO:colcon.colcon_core.task.python.build:Building Python package in '/home/tony/town_ws/src/village_li'
[0.952s] INFO:colcon.colcon_core.shell:Skip shell extension 'powershell' for command environment: Not usable outside of PowerShell
[0.952s] DEBUG:colcon.colcon_core.shell:Skip shell extension 'dsv' for command environment
[0.963s] DEBUG:colcon.colcon_core.event_handler.log_command:Invoking command in '/home/tony/town_ws/build/village_wang': CMAKE_PREFIX_PATH=${CMAKE_PREFIX_PATH}:/home/tony/town_ws/install/village_li:/opt/ros/foxy /usr/bin/cmake --build /home/tony/town_ws/build/village_wang -- -j16 -l16
[0.966s] DEBUG:colcon.colcon_core.event_handler.log_command:Invoking command in '/home/tony/town_ws/build/village_zhang': CMAKE_PREFIX_PATH=${CMAKE_PREFIX_PATH}:/home/tony/town_ws/install/village_li:/opt/ros/foxy /usr/bin/cmake --build /home/tony/town_ws/build/village_zhang -- -j16 -l16
[1.034s] DEBUG:colcon.colcon_core.event_handler.log_command:Invoked command in '/home/tony/town_ws/build/village_zhang' returned '0': CMAKE_PREFIX_PATH=${CMAKE_PREFIX_PATH}:/home/tony/town_ws/install/village_li:/opt/ros/foxy /usr/bin/cmake --build /home/tony/town_ws/build/village_zhang -- -j16 -l16
[1.037s] DEBUG:colcon.colcon_core.event_handler.log_command:Invoked command in '/home/tony/town_ws/build/village_wang' returned '0': CMAKE_PREFIX_PATH=${CMAKE_PREFIX_PATH}:/home/tony/town_ws/install/village_li:/opt/ros/foxy /usr/bin/cmake --build /home/tony/town_ws/build/village_wang -- -j16 -l16
[1.060s] DEBUG:colcon.colcon_core.event_handler.log_command:Invoking command in '/home/tony/town_ws/build/village_zhang': CMAKE_PREFIX_PATH=${CMAKE_PREFIX_PATH}:/home/tony/town_ws/install/village_li:/opt/ros/foxy /usr/bin/cmake --install /home/tony/town_ws/build/village_zhang
[1.063s] DEBUG:colcon.colcon_core.event_handler.log_command:Invoking command in '/home/tony/town_ws/build/village_wang': CMAKE_PREFIX_PATH=${CMAKE_PREFIX_PATH}:/home/tony/town_ws/install/village_li:/opt/ros/foxy /usr/bin/cmake --install /home/tony/town_ws/build/village_wang
[1.069s] Level 1:colcon.colcon_core.environment:create_environment_scripts_only(village_zhang)
[1.070s] DEBUG:colcon.colcon_core.event_handler.log_command:Invoked command in '/home/tony/town_ws/build/village_zhang' returned '0': CMAKE_PREFIX_PATH=${CMAKE_PREFIX_PATH}:/home/tony/town_ws/install/village_li:/opt/ros/foxy /usr/bin/cmake --install /home/tony/town_ws/build/village_zhang
[1.070s] Level 1:colcon.colcon_core.environment:checking '/home/tony/town_ws/install/village_zhang' for CMake module files
[1.071s] Level 1:colcon.colcon_core.environment:checking '/home/tony/town_ws/install/village_zhang' for CMake config files
[1.071s] Level 1:colcon.colcon_core.shell:create_environment_hook('village_zhang', 'cmake_prefix_path')
[1.072s] INFO:colcon.colcon_core.shell:Creating environment hook '/home/tony/town_ws/install/village_zhang/share/village_zhang/hook/cmake_prefix_path.ps1'
[1.073s] INFO:colcon.colcon_core.shell:Creating environment descriptor '/home/tony/town_ws/install/village_zhang/share/village_zhang/hook/cmake_prefix_path.dsv'
[1.074s] INFO:colcon.colcon_core.shell:Creating environment hook '/home/tony/town_ws/install/village_zhang/share/village_zhang/hook/cmake_prefix_path.sh'
[1.075s] Level 1:colcon.colcon_core.environment:checking '/home/tony/town_ws/install/village_zhang/lib'
[1.075s] Level 1:colcon.colcon_core.environment:checking '/home/tony/town_ws/install/village_zhang/bin'
[1.075s] Level 1:colcon.colcon_core.environment:checking '/home/tony/town_ws/install/village_zhang/lib/pkgconfig/village_zhang.pc'
[1.075s] Level 1:colcon.colcon_core.environment:checking '/home/tony/town_ws/install/village_zhang/lib/python3.8/site-packages'
[1.075s] Level 1:colcon.colcon_core.environment:checking '/home/tony/town_ws/install/village_zhang/bin'
[1.075s] INFO:colcon.colcon_core.shell:Creating package script '/home/tony/town_ws/install/village_zhang/share/village_zhang/package.ps1'
[1.076s] INFO:colcon.colcon_core.shell:Creating package descriptor '/home/tony/town_ws/install/village_zhang/share/village_zhang/package.dsv'
[1.076s] INFO:colcon.colcon_core.shell:Creating package script '/home/tony/town_ws/install/village_zhang/share/village_zhang/package.sh'
[1.076s] INFO:colcon.colcon_core.shell:Creating package script '/home/tony/town_ws/install/village_zhang/share/village_zhang/package.bash'
[1.077s] INFO:colcon.colcon_core.shell:Creating package script '/home/tony/town_ws/install/village_zhang/share/village_zhang/package.zsh'
[1.077s] Level 1:colcon.colcon_core.environment:create_file_with_runtime_dependencies(/home/tony/town_ws/install/village_zhang/share/colcon-core/packages/village_zhang)
[1.080s] Level 1:colcon.colcon_core.environment:create_environment_scripts_only(village_wang)
[1.081s] Level 1:colcon.colcon_core.environment:checking '/home/tony/town_ws/install/village_wang' for CMake module files
[1.081s] DEBUG:colcon.colcon_core.event_handler.log_command:Invoked command in '/home/tony/town_ws/build/village_wang' returned '0': CMAKE_PREFIX_PATH=${CMAKE_PREFIX_PATH}:/home/tony/town_ws/install/village_li:/opt/ros/foxy /usr/bin/cmake --install /home/tony/town_ws/build/village_wang
[1.082s] Level 1:colcon.colcon_core.environment:checking '/home/tony/town_ws/install/village_wang' for CMake config files
[1.082s] Level 1:colcon.colcon_core.shell:create_environment_hook('village_wang', 'cmake_prefix_path')
[1.082s] INFO:colcon.colcon_core.shell:Creating environment hook '/home/tony/town_ws/install/village_wang/share/village_wang/hook/cmake_prefix_path.ps1'
[1.082s] INFO:colcon.colcon_core.shell:Creating environment descriptor '/home/tony/town_ws/install/village_wang/share/village_wang/hook/cmake_prefix_path.dsv'
[1.083s] INFO:colcon.colcon_core.shell:Creating environment hook '/home/tony/town_ws/install/village_wang/share/village_wang/hook/cmake_prefix_path.sh'
[1.083s] Level 1:colcon.colcon_core.environment:checking '/home/tony/town_ws/install/village_wang/lib'
[1.083s] Level 1:colcon.colcon_core.environment:checking '/home/tony/town_ws/install/village_wang/bin'
[1.083s] Level 1:colcon.colcon_core.environment:checking '/home/tony/town_ws/install/village_wang/lib/pkgconfig/village_wang.pc'
[1.083s] Level 1:colcon.colcon_core.environment:checking '/home/tony/town_ws/install/village_wang/lib/python3.8/site-packages'
[1.084s] Level 1:colcon.colcon_core.environment:checking '/home/tony/town_ws/install/village_wang/bin'
[1.084s] INFO:colcon.colcon_core.shell:Creating package script '/home/tony/town_ws/install/village_wang/share/village_wang/package.ps1'
[1.084s] INFO:colcon.colcon_core.shell:Creating package descriptor '/home/tony/town_ws/install/village_wang/share/village_wang/package.dsv'
[1.084s] INFO:colcon.colcon_core.shell:Creating package script '/home/tony/town_ws/install/village_wang/share/village_wang/package.sh'
[1.085s] INFO:colcon.colcon_core.shell:Creating package script '/home/tony/town_ws/install/village_wang/share/village_wang/package.bash'
[1.085s] INFO:colcon.colcon_core.shell:Creating package script '/home/tony/town_ws/install/village_wang/share/village_wang/package.zsh'
[1.085s] Level 1:colcon.colcon_core.environment:create_file_with_runtime_dependencies(/home/tony/town_ws/install/village_wang/share/colcon-core/packages/village_wang)
[1.102s] Level 1:colcon.colcon_core.environment:create_environment_scripts_only(village_zhang)
[1.102s] Level 1:colcon.colcon_core.environment:checking '/home/tony/town_ws/install/village_zhang' for CMake module files
[1.102s] Level 1:colcon.colcon_core.environment:checking '/home/tony/town_ws/install/village_zhang' for CMake config files
[1.102s] Level 1:colcon.colcon_core.shell:create_environment_hook('village_zhang', 'cmake_prefix_path')
[1.103s] INFO:colcon.colcon_core.shell:Creating environment hook '/home/tony/town_ws/install/village_zhang/share/village_zhang/hook/cmake_prefix_path.ps1'
[1.103s] INFO:colcon.colcon_core.shell:Creating environment descriptor '/home/tony/town_ws/install/village_zhang/share/village_zhang/hook/cmake_prefix_path.dsv'
[1.103s] INFO:colcon.colcon_core.shell:Creating environment hook '/home/tony/town_ws/install/village_zhang/share/village_zhang/hook/cmake_prefix_path.sh'
[1.104s] Level 1:colcon.colcon_core.environment:checking '/home/tony/town_ws/install/village_zhang/lib'
[1.104s] Level 1:colcon.colcon_core.environment:checking '/home/tony/town_ws/install/village_zhang/bin'
[1.104s] Level 1:colcon.colcon_core.environment:checking '/home/tony/town_ws/install/village_zhang/lib/pkgconfig/village_zhang.pc'
[1.104s] Level 1:colcon.colcon_core.environment:checking '/home/tony/town_ws/install/village_zhang/lib/python3.8/site-packages'
[1.104s] Level 1:colcon.colcon_core.environment:checking '/home/tony/town_ws/install/village_zhang/bin'
[1.105s] INFO:colcon.colcon_core.shell:Creating package script '/home/tony/town_ws/install/village_zhang/share/village_zhang/package.ps1'
[1.105s] INFO:colcon.colcon_core.shell:Creating package descriptor '/home/tony/town_ws/install/village_zhang/share/village_zhang/package.dsv'
[1.105s] INFO:colcon.colcon_core.shell:Creating package script '/home/tony/town_ws/install/village_zhang/share/village_zhang/package.sh'
[1.106s] INFO:colcon.colcon_core.shell:Creating package script '/home/tony/town_ws/install/village_zhang/share/village_zhang/package.bash'
[1.106s] INFO:colcon.colcon_core.shell:Creating package script '/home/tony/town_ws/install/village_zhang/share/village_zhang/package.zsh'
[1.107s] Level 1:colcon.colcon_core.environment:create_file_with_runtime_dependencies(/home/tony/town_ws/install/village_zhang/share/colcon-core/packages/village_zhang)
[1.109s] Level 1:colcon.colcon_core.environment:create_environment_scripts_only(village_wang)
[1.109s] Level 1:colcon.colcon_core.environment:checking '/home/tony/town_ws/install/village_wang' for CMake module files
[1.110s] Level 1:colcon.colcon_core.environment:checking '/home/tony/town_ws/install/village_wang' for CMake config files
[1.110s] Level 1:colcon.colcon_core.shell:create_environment_hook('village_wang', 'cmake_prefix_path')
[1.110s] INFO:colcon.colcon_core.shell:Creating environment hook '/home/tony/town_ws/install/village_wang/share/village_wang/hook/cmake_prefix_path.ps1'
[1.110s] INFO:colcon.colcon_core.shell:Creating environment descriptor '/home/tony/town_ws/install/village_wang/share/village_wang/hook/cmake_prefix_path.dsv'
[1.111s] INFO:colcon.colcon_core.shell:Creating environment hook '/home/tony/town_ws/install/village_wang/share/village_wang/hook/cmake_prefix_path.sh'
[1.111s] Level 1:colcon.colcon_core.environment:checking '/home/tony/town_ws/install/village_wang/lib'
[1.111s] Level 1:colcon.colcon_core.environment:checking '/home/tony/town_ws/install/village_wang/bin'
[1.111s] Level 1:colcon.colcon_core.environment:checking '/home/tony/town_ws/install/village_wang/lib/pkgconfig/village_wang.pc'
[1.111s] Level 1:colcon.colcon_core.environment:checking '/home/tony/town_ws/install/village_wang/lib/python3.8/site-packages'
[1.111s] Level 1:colcon.colcon_core.environment:checking '/home/tony/town_ws/install/village_wang/bin'
[1.111s] INFO:colcon.colcon_core.shell:Creating package script '/home/tony/town_ws/install/village_wang/share/village_wang/package.ps1'
[1.112s] INFO:colcon.colcon_core.shell:Creating package descriptor '/home/tony/town_ws/install/village_wang/share/village_wang/package.dsv'
[1.112s] INFO:colcon.colcon_core.shell:Creating package script '/home/tony/town_ws/install/village_wang/share/village_wang/package.sh'
[1.112s] INFO:colcon.colcon_core.shell:Creating package script '/home/tony/town_ws/install/village_wang/share/village_wang/package.bash'
[1.113s] INFO:colcon.colcon_core.shell:Creating package script '/home/tony/town_ws/install/village_wang/share/village_wang/package.zsh'
[1.113s] Level 1:colcon.colcon_core.environment:create_file_with_runtime_dependencies(/home/tony/town_ws/install/village_wang/share/colcon-core/packages/village_wang)
[1.272s] DEBUG:colcon.colcon_core.event_handler.log_command:Invoking command in '/home/tony/town_ws/src/village_li': PYTHONPATH=/home/tony/town_ws/build/village_li/prefix_override:/home/tony/town_ws/install/village_li/lib/python3.8/site-packages:${PYTHONPATH} /usr/bin/python3 -W ignore:setup.py install is deprecated setup.py egg_info --egg-base ../../build/village_li build --build-base /home/tony/town_ws/build/village_li/build install --record /home/tony/town_ws/build/village_li/install.log --install-scripts $base/lib/village_li --single-version-externally-managed install_data
[1.490s] Level 1:colcon.colcon_core.environment:checking '/home/tony/town_ws/install/village_li' for CMake module files
[1.491s] DEBUG:colcon.colcon_core.event_handler.log_command:Invoked command in '/home/tony/town_ws/src/village_li' returned '0': PYTHONPATH=/home/tony/town_ws/build/village_li/prefix_override:/home/tony/town_ws/install/village_li/lib/python3.8/site-packages:${PYTHONPATH} /usr/bin/python3 -W ignore:setup.py install is deprecated setup.py egg_info --egg-base ../../build/village_li build --build-base /home/tony/town_ws/build/village_li/build install --record /home/tony/town_ws/build/village_li/install.log --install-scripts $base/lib/village_li --single-version-externally-managed install_data
[1.491s] Level 1:colcon.colcon_core.environment:checking '/home/tony/town_ws/install/village_li' for CMake config files
[1.492s] Level 1:colcon.colcon_core.environment:checking '/home/tony/town_ws/install/village_li/lib'
[1.492s] Level 1:colcon.colcon_core.environment:checking '/home/tony/town_ws/install/village_li/bin'
[1.492s] Level 1:colcon.colcon_core.environment:checking '/home/tony/town_ws/install/village_li/lib/pkgconfig/village_li.pc'
[1.492s] Level 1:colcon.colcon_core.environment:checking '/home/tony/town_ws/install/village_li/lib/python3.8/site-packages'
[1.492s] Level 1:colcon.colcon_core.shell:create_environment_hook('village_li', 'pythonpath')
[1.492s] INFO:colcon.colcon_core.shell:Creating environment hook '/home/tony/town_ws/install/village_li/share/village_li/hook/pythonpath.ps1'
[1.493s] INFO:colcon.colcon_core.shell:Creating environment descriptor '/home/tony/town_ws/install/village_li/share/village_li/hook/pythonpath.dsv'
[1.493s] INFO:colcon.colcon_core.shell:Creating environment hook '/home/tony/town_ws/install/village_li/share/village_li/hook/pythonpath.sh'
[1.494s] Level 1:colcon.colcon_core.environment:checking '/home/tony/town_ws/install/village_li/bin'
[1.494s] Level 1:colcon.colcon_core.environment:create_environment_scripts_only(village_li)
[1.494s] INFO:colcon.colcon_core.shell:Creating package script '/home/tony/town_ws/install/village_li/share/village_li/package.ps1'
[1.494s] INFO:colcon.colcon_core.shell:Creating package descriptor '/home/tony/town_ws/install/village_li/share/village_li/package.dsv'
[1.495s] INFO:colcon.colcon_core.shell:Creating package script '/home/tony/town_ws/install/village_li/share/village_li/package.sh'
[1.495s] INFO:colcon.colcon_core.shell:Creating package script '/home/tony/town_ws/install/village_li/share/village_li/package.bash'
[1.495s] INFO:colcon.colcon_core.shell:Creating package script '/home/tony/town_ws/install/village_li/share/village_li/package.zsh'
[1.496s] Level 1:colcon.colcon_core.environment:create_file_with_runtime_dependencies(/home/tony/town_ws/install/village_li/share/colcon-core/packages/village_li)
[1.496s] DEBUG:colcon.colcon_parallel_executor.executor.parallel:closing loop
[1.496s] DEBUG:colcon.colcon_parallel_executor.executor.parallel:loop closed
[1.496s] DEBUG:colcon.colcon_parallel_executor.executor.parallel:run_until_complete finished with '0'
[1.497s] DEBUG:colcon.colcon_core.event_reactor:joining thread
[1.502s] INFO:colcon.colcon_core.plugin_system:Skipping extension 'colcon_notification.desktop_notification.terminal_notifier': Not used on non-Darwin systems
[1.502s] INFO:colcon.colcon_core.plugin_system:Skipping extension 'colcon_notification.desktop_notification.win32': Not used on non-Windows systems
[1.502s] INFO:colcon.colcon_notification.desktop_notification:Sending desktop notification using 'notify2'
[1.515s] DEBUG:colcon.colcon_core.event_reactor:joined thread
[1.515s] INFO:colcon.colcon_core.shell:Creating prefix script '/home/tony/town_ws/install/local_setup.ps1'
[1.516s] INFO:colcon.colcon_core.shell:Creating prefix util module '/home/tony/town_ws/install/_local_setup_util_ps1.py'
[1.517s] INFO:colcon.colcon_core.shell:Creating prefix chain script '/home/tony/town_ws/install/setup.ps1'
[1.518s] INFO:colcon.colcon_core.shell:Creating prefix script '/home/tony/town_ws/install/local_setup.sh'
[1.519s] INFO:colcon.colcon_core.shell:Creating prefix util module '/home/tony/town_ws/install/_local_setup_util_sh.py'
[1.519s] INFO:colcon.colcon_core.shell:Creating prefix chain script '/home/tony/town_ws/install/setup.sh'
[1.520s] INFO:colcon.colcon_core.shell:Creating prefix script '/home/tony/town_ws/install/local_setup.bash'
[1.520s] INFO:colcon.colcon_core.shell:Creating prefix chain script '/home/tony/town_ws/install/setup.bash'
[1.521s] INFO:colcon.colcon_core.shell:Creating prefix script '/home/tony/town_ws/install/local_setup.zsh'
[1.522s] INFO:colcon.colcon_core.shell:Creating prefix chain script '/home/tony/town_ws/install/setup.zsh'
