[0.137s] DEBUG:colcon:Command line arguments: ['/usr/bin/colcon', 'build']
[0.137s] DEBUG:colcon:Parsed command line arguments: Namespace(allow_overriding=[], ament_cmake_args=None, base_paths=['.'], build_base='build', catkin_cmake_args=None, catkin_skip_building_tests=False, cmake_args=None, cmake_clean_cache=False, cmake_clean_first=False, cmake_force_configure=False, cmake_target=None, cmake_target_skip_unavailable=False, continue_on_error=False, event_handlers=None, executor='parallel', ignore_user_meta=False, install_base='install', log_base=None, log_level=None, main=<bound method BuildVerb.main of <colcon_core.verb.build.BuildVerb object at 0x7f572e17cf70>>, merge_install=False, metas=['./colcon.meta'], packages_above=None, packages_above_and_dependencies=None, packages_above_depth=None, packages_end=None, packages_ignore=None, packages_ignore_regex=None, packages_select=None, packages_select_build_failed=False, packages_select_by_dep=None, packages_select_regex=None, packages_select_test_failures=False, packages_skip=None, packages_skip_build_finished=False, packages_skip_by_dep=None, packages_skip_regex=None, packages_skip_test_passed=False, packages_skip_up_to=None, packages_start=None, packages_up_to=None, packages_up_to_regex=None, parallel_workers=16, paths=None, symlink_install=False, test_result_base=None, verb_extension=<colcon_core.verb.build.BuildVerb object at 0x7f572e17cf70>, verb_name='build', verb_parser=<colcon_defaults.argument_parser.defaults.DefaultArgumentsDecorator object at 0x7f572e01faf0>)
[0.251s] Level 1:colcon.colcon_core.package_discovery:discover_packages(colcon_meta) check parameters
[0.251s] Level 1:colcon.colcon_core.package_discovery:discover_packages(recursive) check parameters
[0.251s] Level 1:colcon.colcon_core.package_discovery:discover_packages(ignore) check parameters
[0.251s] Level 1:colcon.colcon_core.package_discovery:discover_packages(path) check parameters
[0.251s] Level 1:colcon.colcon_core.package_discovery:discover_packages(colcon_meta) discover
[0.251s] Level 1:colcon.colcon_core.package_discovery:discover_packages(recursive) discover
[0.251s] INFO:colcon.colcon_core.package_discovery:Crawling recursively for packages in '/home/tony/town_ws'
[0.251s] Level 1:colcon.colcon_core.package_identification:_identify(.) by extensions ['ignore', 'ignore_ament_install']
[0.251s] Level 1:colcon.colcon_core.package_identification:_identify(.) by extension 'ignore'
[0.251s] Level 1:colcon.colcon_core.package_identification:_identify(.) by extension 'ignore_ament_install'
[0.251s] Level 1:colcon.colcon_core.package_identification:_identify(.) by extensions ['colcon_pkg']
[0.251s] Level 1:colcon.colcon_core.package_identification:_identify(.) by extension 'colcon_pkg'
[0.251s] Level 1:colcon.colcon_core.package_identification:_identify(.) by extensions ['colcon_meta']
[0.251s] Level 1:colcon.colcon_core.package_identification:_identify(.) by extension 'colcon_meta'
[0.252s] Level 1:colcon.colcon_core.package_identification:_identify(.) by extensions ['ros']
[0.252s] Level 1:colcon.colcon_core.package_identification:_identify(.) by extension 'ros'
[0.260s] Level 1:colcon.colcon_core.package_identification:_identify(.) by extensions ['cmake', 'python']
[0.260s] Level 1:colcon.colcon_core.package_identification:_identify(.) by extension 'cmake'
[0.260s] Level 1:colcon.colcon_core.package_identification:_identify(.) by extension 'python'
[0.260s] Level 1:colcon.colcon_core.package_identification:_identify(.) by extensions ['python_setup_py']
[0.260s] Level 1:colcon.colcon_core.package_identification:_identify(.) by extension 'python_setup_py'
[0.261s] Level 1:colcon.colcon_core.package_identification:_identify(build) by extensions ['ignore', 'ignore_ament_install']
[0.261s] Level 1:colcon.colcon_core.package_identification:_identify(build) by extension 'ignore'
[0.261s] Level 1:colcon.colcon_core.package_identification:_identify(build) ignored
[0.261s] Level 1:colcon.colcon_core.package_identification:_identify(install) by extensions ['ignore', 'ignore_ament_install']
[0.261s] Level 1:colcon.colcon_core.package_identification:_identify(install) by extension 'ignore'
[0.261s] Level 1:colcon.colcon_core.package_identification:_identify(install) ignored
[0.261s] Level 1:colcon.colcon_core.package_identification:_identify(log) by extensions ['ignore', 'ignore_ament_install']
[0.261s] Level 1:colcon.colcon_core.package_identification:_identify(log) by extension 'ignore'
[0.261s] Level 1:colcon.colcon_core.package_identification:_identify(log) ignored
[0.261s] Level 1:colcon.colcon_core.package_identification:_identify(src) by extensions ['ignore', 'ignore_ament_install']
[0.261s] Level 1:colcon.colcon_core.package_identification:_identify(src) by extension 'ignore'
[0.261s] Level 1:colcon.colcon_core.package_identification:_identify(src) by extension 'ignore_ament_install'
[0.262s] Level 1:colcon.colcon_core.package_identification:_identify(src) by extensions ['colcon_pkg']
[0.262s] Level 1:colcon.colcon_core.package_identification:_identify(src) by extension 'colcon_pkg'
[0.262s] Level 1:colcon.colcon_core.package_identification:_identify(src) by extensions ['colcon_meta']
[0.262s] Level 1:colcon.colcon_core.package_identification:_identify(src) by extension 'colcon_meta'
[0.262s] Level 1:colcon.colcon_core.package_identification:_identify(src) by extensions ['ros']
[0.262s] Level 1:colcon.colcon_core.package_identification:_identify(src) by extension 'ros'
[0.262s] Level 1:colcon.colcon_core.package_identification:_identify(src) by extensions ['cmake', 'python']
[0.262s] Level 1:colcon.colcon_core.package_identification:_identify(src) by extension 'cmake'
[0.262s] Level 1:colcon.colcon_core.package_identification:_identify(src) by extension 'python'
[0.262s] Level 1:colcon.colcon_core.package_identification:_identify(src) by extensions ['python_setup_py']
[0.262s] Level 1:colcon.colcon_core.package_identification:_identify(src) by extension 'python_setup_py'
[0.262s] Level 1:colcon.colcon_core.package_identification:_identify(src/village_interfaces) by extensions ['ignore', 'ignore_ament_install']
[0.262s] Level 1:colcon.colcon_core.package_identification:_identify(src/village_interfaces) by extension 'ignore'
[0.262s] Level 1:colcon.colcon_core.package_identification:_identify(src/village_interfaces) by extension 'ignore_ament_install'
[0.262s] Level 1:colcon.colcon_core.package_identification:_identify(src/village_interfaces) by extensions ['colcon_pkg']
[0.262s] Level 1:colcon.colcon_core.package_identification:_identify(src/village_interfaces) by extension 'colcon_pkg'
[0.262s] Level 1:colcon.colcon_core.package_identification:_identify(src/village_interfaces) by extensions ['colcon_meta']
[0.262s] Level 1:colcon.colcon_core.package_identification:_identify(src/village_interfaces) by extension 'colcon_meta'
[0.262s] Level 1:colcon.colcon_core.package_identification:_identify(src/village_interfaces) by extensions ['ros']
[0.262s] Level 1:colcon.colcon_core.package_identification:_identify(src/village_interfaces) by extension 'ros'
[0.264s] DEBUG:colcon.colcon_core.package_identification:Package 'src/village_interfaces' with type 'ros.ament_cmake' and name 'village_interfaces'
[0.264s] Level 1:colcon.colcon_core.package_identification:_identify(src/village_li) by extensions ['ignore', 'ignore_ament_install']
[0.264s] Level 1:colcon.colcon_core.package_identification:_identify(src/village_li) by extension 'ignore'
[0.264s] Level 1:colcon.colcon_core.package_identification:_identify(src/village_li) by extension 'ignore_ament_install'
[0.264s] Level 1:colcon.colcon_core.package_identification:_identify(src/village_li) by extensions ['colcon_pkg']
[0.264s] Level 1:colcon.colcon_core.package_identification:_identify(src/village_li) by extension 'colcon_pkg'
[0.265s] Level 1:colcon.colcon_core.package_identification:_identify(src/village_li) by extensions ['colcon_meta']
[0.265s] Level 1:colcon.colcon_core.package_identification:_identify(src/village_li) by extension 'colcon_meta'
[0.265s] Level 1:colcon.colcon_core.package_identification:_identify(src/village_li) by extensions ['ros']
[0.265s] Level 1:colcon.colcon_core.package_identification:_identify(src/village_li) by extension 'ros'
[0.265s] DEBUG:colcon.colcon_core.package_identification:Package 'src/village_li' with type 'ros.ament_python' and name 'village_li'
[0.265s] Level 1:colcon.colcon_core.package_identification:_identify(src/village_wang) by extensions ['ignore', 'ignore_ament_install']
[0.265s] Level 1:colcon.colcon_core.package_identification:_identify(src/village_wang) by extension 'ignore'
[0.265s] Level 1:colcon.colcon_core.package_identification:_identify(src/village_wang) by extension 'ignore_ament_install'
[0.265s] Level 1:colcon.colcon_core.package_identification:_identify(src/village_wang) by extensions ['colcon_pkg']
[0.265s] Level 1:colcon.colcon_core.package_identification:_identify(src/village_wang) by extension 'colcon_pkg'
[0.265s] Level 1:colcon.colcon_core.package_identification:_identify(src/village_wang) by extensions ['colcon_meta']
[0.265s] Level 1:colcon.colcon_core.package_identification:_identify(src/village_wang) by extension 'colcon_meta'
[0.265s] Level 1:colcon.colcon_core.package_identification:_identify(src/village_wang) by extensions ['ros']
[0.266s] Level 1:colcon.colcon_core.package_identification:_identify(src/village_wang) by extension 'ros'
[0.266s] DEBUG:colcon.colcon_core.package_identification:Package 'src/village_wang' with type 'ros.ament_cmake' and name 'village_wang'
[0.266s] Level 1:colcon.colcon_core.package_identification:_identify(src/village_zhang) by extensions ['ignore', 'ignore_ament_install']
[0.266s] Level 1:colcon.colcon_core.package_identification:_identify(src/village_zhang) by extension 'ignore'
[0.266s] Level 1:colcon.colcon_core.package_identification:_identify(src/village_zhang) by extension 'ignore_ament_install'
[0.266s] Level 1:colcon.colcon_core.package_identification:_identify(src/village_zhang) by extensions ['colcon_pkg']
[0.266s] Level 1:colcon.colcon_core.package_identification:_identify(src/village_zhang) by extension 'colcon_pkg'
[0.266s] Level 1:colcon.colcon_core.package_identification:_identify(src/village_zhang) by extensions ['colcon_meta']
[0.266s] Level 1:colcon.colcon_core.package_identification:_identify(src/village_zhang) by extension 'colcon_meta'
[0.266s] Level 1:colcon.colcon_core.package_identification:_identify(src/village_zhang) by extensions ['ros']
[0.266s] Level 1:colcon.colcon_core.package_identification:_identify(src/village_zhang) by extension 'ros'
[0.267s] DEBUG:colcon.colcon_core.package_identification:Package 'src/village_zhang' with type 'ros.ament_cmake' and name 'village_zhang'
[0.267s] Level 1:colcon.colcon_core.package_discovery:discover_packages(recursive) using defaults
[0.267s] Level 1:colcon.colcon_core.package_discovery:discover_packages(ignore) discover
[0.267s] Level 1:colcon.colcon_core.package_discovery:discover_packages(ignore) using defaults
[0.267s] Level 1:colcon.colcon_core.package_discovery:discover_packages(path) discover
[0.267s] Level 1:colcon.colcon_core.package_discovery:discover_packages(path) using defaults
[0.279s] Level 1:colcon.colcon_core.package_discovery:discover_packages(prefix_path) check parameters
[0.279s] Level 1:colcon.colcon_core.package_discovery:discover_packages(prefix_path) discover
[0.280s] DEBUG:colcon.colcon_installed_package_information.package_discovery:Found 4 installed packages in /home/tony/town_ws/install
[0.281s] DEBUG:colcon.colcon_installed_package_information.package_discovery:Found 283 installed packages in /opt/ros/foxy
[0.282s] Level 1:colcon.colcon_core.package_discovery:discover_packages(prefix_path) using defaults
[0.335s] Level 5:colcon.colcon_core.verb:set package 'village_interfaces' build argument 'cmake_args' from command line to 'None'
[0.335s] Level 5:colcon.colcon_core.verb:set package 'village_interfaces' build argument 'cmake_target' from command line to 'None'
[0.335s] Level 5:colcon.colcon_core.verb:set package 'village_interfaces' build argument 'cmake_target_skip_unavailable' from command line to 'False'
[0.335s] Level 5:colcon.colcon_core.verb:set package 'village_interfaces' build argument 'cmake_clean_cache' from command line to 'False'
[0.335s] Level 5:colcon.colcon_core.verb:set package 'village_interfaces' build argument 'cmake_clean_first' from command line to 'False'
[0.335s] Level 5:colcon.colcon_core.verb:set package 'village_interfaces' build argument 'cmake_force_configure' from command line to 'False'
[0.335s] Level 5:colcon.colcon_core.verb:set package 'village_interfaces' build argument 'ament_cmake_args' from command line to 'None'
[0.335s] Level 5:colcon.colcon_core.verb:set package 'village_interfaces' build argument 'catkin_cmake_args' from command line to 'None'
[0.335s] Level 5:colcon.colcon_core.verb:set package 'village_interfaces' build argument 'catkin_skip_building_tests' from command line to 'False'
[0.335s] DEBUG:colcon.colcon_core.verb:Building package 'village_interfaces' with the following arguments: {'ament_cmake_args': None, 'build_base': '/home/tony/town_ws/build/village_interfaces', 'catkin_cmake_args': None, 'catkin_skip_building_tests': False, 'cmake_args': None, 'cmake_clean_cache': False, 'cmake_clean_first': False, 'cmake_force_configure': False, 'cmake_target': None, 'cmake_target_skip_unavailable': False, 'install_base': '/home/tony/town_ws/install/village_interfaces', 'merge_install': False, 'path': '/home/tony/town_ws/src/village_interfaces', 'symlink_install': False, 'test_result_base': None}
[0.336s] Level 5:colcon.colcon_core.verb:set package 'village_li' build argument 'cmake_args' from command line to 'None'
[0.336s] Level 5:colcon.colcon_core.verb:set package 'village_li' build argument 'cmake_target' from command line to 'None'
[0.336s] Level 5:colcon.colcon_core.verb:set package 'village_li' build argument 'cmake_target_skip_unavailable' from command line to 'False'
[0.336s] Level 5:colcon.colcon_core.verb:set package 'village_li' build argument 'cmake_clean_cache' from command line to 'False'
[0.336s] Level 5:colcon.colcon_core.verb:set package 'village_li' build argument 'cmake_clean_first' from command line to 'False'
[0.336s] Level 5:colcon.colcon_core.verb:set package 'village_li' build argument 'cmake_force_configure' from command line to 'False'
[0.336s] Level 5:colcon.colcon_core.verb:set package 'village_li' build argument 'ament_cmake_args' from command line to 'None'
[0.336s] Level 5:colcon.colcon_core.verb:set package 'village_li' build argument 'catkin_cmake_args' from command line to 'None'
[0.336s] Level 5:colcon.colcon_core.verb:set package 'village_li' build argument 'catkin_skip_building_tests' from command line to 'False'
[0.336s] DEBUG:colcon.colcon_core.verb:Building package 'village_li' with the following arguments: {'ament_cmake_args': None, 'build_base': '/home/tony/town_ws/build/village_li', 'catkin_cmake_args': None, 'catkin_skip_building_tests': False, 'cmake_args': None, 'cmake_clean_cache': False, 'cmake_clean_first': False, 'cmake_force_configure': False, 'cmake_target': None, 'cmake_target_skip_unavailable': False, 'install_base': '/home/tony/town_ws/install/village_li', 'merge_install': False, 'path': '/home/tony/town_ws/src/village_li', 'symlink_install': False, 'test_result_base': None}
[0.336s] Level 5:colcon.colcon_core.verb:set package 'village_wang' build argument 'cmake_args' from command line to 'None'
[0.336s] Level 5:colcon.colcon_core.verb:set package 'village_wang' build argument 'cmake_target' from command line to 'None'
[0.336s] Level 5:colcon.colcon_core.verb:set package 'village_wang' build argument 'cmake_target_skip_unavailable' from command line to 'False'
[0.336s] Level 5:colcon.colcon_core.verb:set package 'village_wang' build argument 'cmake_clean_cache' from command line to 'False'
[0.336s] Level 5:colcon.colcon_core.verb:set package 'village_wang' build argument 'cmake_clean_first' from command line to 'False'
[0.336s] Level 5:colcon.colcon_core.verb:set package 'village_wang' build argument 'cmake_force_configure' from command line to 'False'
[0.336s] Level 5:colcon.colcon_core.verb:set package 'village_wang' build argument 'ament_cmake_args' from command line to 'None'
[0.336s] Level 5:colcon.colcon_core.verb:set package 'village_wang' build argument 'catkin_cmake_args' from command line to 'None'
[0.336s] Level 5:colcon.colcon_core.verb:set package 'village_wang' build argument 'catkin_skip_building_tests' from command line to 'False'
[0.336s] DEBUG:colcon.colcon_core.verb:Building package 'village_wang' with the following arguments: {'ament_cmake_args': None, 'build_base': '/home/tony/town_ws/build/village_wang', 'catkin_cmake_args': None, 'catkin_skip_building_tests': False, 'cmake_args': None, 'cmake_clean_cache': False, 'cmake_clean_first': False, 'cmake_force_configure': False, 'cmake_target': None, 'cmake_target_skip_unavailable': False, 'install_base': '/home/tony/town_ws/install/village_wang', 'merge_install': False, 'path': '/home/tony/town_ws/src/village_wang', 'symlink_install': False, 'test_result_base': None}
[0.337s] Level 5:colcon.colcon_core.verb:set package 'village_zhang' build argument 'cmake_args' from command line to 'None'
[0.337s] Level 5:colcon.colcon_core.verb:set package 'village_zhang' build argument 'cmake_target' from command line to 'None'
[0.337s] Level 5:colcon.colcon_core.verb:set package 'village_zhang' build argument 'cmake_target_skip_unavailable' from command line to 'False'
[0.337s] Level 5:colcon.colcon_core.verb:set package 'village_zhang' build argument 'cmake_clean_cache' from command line to 'False'
[0.337s] Level 5:colcon.colcon_core.verb:set package 'village_zhang' build argument 'cmake_clean_first' from command line to 'False'
[0.337s] Level 5:colcon.colcon_core.verb:set package 'village_zhang' build argument 'cmake_force_configure' from command line to 'False'
[0.337s] Level 5:colcon.colcon_core.verb:set package 'village_zhang' build argument 'ament_cmake_args' from command line to 'None'
[0.337s] Level 5:colcon.colcon_core.verb:set package 'village_zhang' build argument 'catkin_cmake_args' from command line to 'None'
[0.337s] Level 5:colcon.colcon_core.verb:set package 'village_zhang' build argument 'catkin_skip_building_tests' from command line to 'False'
[0.337s] DEBUG:colcon.colcon_core.verb:Building package 'village_zhang' with the following arguments: {'ament_cmake_args': None, 'build_base': '/home/tony/town_ws/build/village_zhang', 'catkin_cmake_args': None, 'catkin_skip_building_tests': False, 'cmake_args': None, 'cmake_clean_cache': False, 'cmake_clean_first': False, 'cmake_force_configure': False, 'cmake_target': None, 'cmake_target_skip_unavailable': False, 'install_base': '/home/tony/town_ws/install/village_zhang', 'merge_install': False, 'path': '/home/tony/town_ws/src/village_zhang', 'symlink_install': False, 'test_result_base': None}
[0.337s] INFO:colcon.colcon_core.executor:Executing jobs using 'parallel' executor
[0.338s] DEBUG:colcon.colcon_parallel_executor.executor.parallel:run_until_complete
[0.338s] INFO:colcon.colcon_ros.task.ament_cmake.build:Building ROS package in '/home/tony/town_ws/src/village_interfaces' with build type 'ament_cmake'
[0.338s] INFO:colcon.colcon_cmake.task.cmake.build:Building CMake package in '/home/tony/town_ws/src/village_interfaces'
[0.340s] INFO:colcon.colcon_core.plugin_system:Skipping extension 'colcon_core.shell.bat': Not used on non-Windows systems
[0.340s] INFO:colcon.colcon_core.shell:Skip shell extension 'powershell' for command environment: Not usable outside of PowerShell
[0.340s] DEBUG:colcon.colcon_core.shell:Skip shell extension 'dsv' for command environment
[0.351s] DEBUG:colcon.colcon_core.event_handler.log_command:Invoking command in '/home/tony/town_ws/build/village_interfaces': CMAKE_PREFIX_PATH=${CMAKE_PREFIX_PATH}:/home/tony/town_ws/install/village_li:/opt/ros/foxy /usr/bin/cmake --build /home/tony/town_ws/build/village_interfaces -- -j16 -l16
[0.618s] DEBUG:colcon.colcon_core.event_handler.log_command:Invoked command in '/home/tony/town_ws/build/village_interfaces' returned '0': CMAKE_PREFIX_PATH=${CMAKE_PREFIX_PATH}:/home/tony/town_ws/install/village_li:/opt/ros/foxy /usr/bin/cmake --build /home/tony/town_ws/build/village_interfaces -- -j16 -l16
[0.709s] DEBUG:colcon.colcon_core.event_handler.log_command:Invoking command in '/home/tony/town_ws/build/village_interfaces': CMAKE_PREFIX_PATH=${CMAKE_PREFIX_PATH}:/home/tony/town_ws/install/village_li:/opt/ros/foxy /usr/bin/cmake --install /home/tony/town_ws/build/village_interfaces
[0.764s] Level 1:colcon.colcon_core.environment:create_environment_scripts_only(village_interfaces)
[0.765s] DEBUG:colcon.colcon_core.event_handler.log_command:Invoked command in '/home/tony/town_ws/build/village_interfaces' returned '0': CMAKE_PREFIX_PATH=${CMAKE_PREFIX_PATH}:/home/tony/town_ws/install/village_li:/opt/ros/foxy /usr/bin/cmake --install /home/tony/town_ws/build/village_interfaces
[0.768s] Level 1:colcon.colcon_core.environment:checking '/home/tony/town_ws/install/village_interfaces' for CMake module files
[0.769s] Level 1:colcon.colcon_core.environment:checking '/home/tony/town_ws/install/village_interfaces' for CMake config files
[0.769s] Level 1:colcon.colcon_core.shell:create_environment_hook('village_interfaces', 'cmake_prefix_path')
[0.770s] INFO:colcon.colcon_core.shell:Creating environment hook '/home/tony/town_ws/install/village_interfaces/share/village_interfaces/hook/cmake_prefix_path.ps1'
[0.771s] INFO:colcon.colcon_core.shell:Creating environment descriptor '/home/tony/town_ws/install/village_interfaces/share/village_interfaces/hook/cmake_prefix_path.dsv'
[0.771s] INFO:colcon.colcon_core.shell:Creating environment hook '/home/tony/town_ws/install/village_interfaces/share/village_interfaces/hook/cmake_prefix_path.sh'
[0.772s] Level 1:colcon.colcon_core.environment:checking '/home/tony/town_ws/install/village_interfaces/lib'
[0.772s] Level 1:colcon.colcon_core.shell:create_environment_hook('village_interfaces', 'ld_library_path_lib')
[0.772s] INFO:colcon.colcon_core.shell:Creating environment hook '/home/tony/town_ws/install/village_interfaces/share/village_interfaces/hook/ld_library_path_lib.ps1'
[0.773s] INFO:colcon.colcon_core.shell:Creating environment descriptor '/home/tony/town_ws/install/village_interfaces/share/village_interfaces/hook/ld_library_path_lib.dsv'
[0.773s] INFO:colcon.colcon_core.shell:Creating environment hook '/home/tony/town_ws/install/village_interfaces/share/village_interfaces/hook/ld_library_path_lib.sh'
[0.773s] Level 1:colcon.colcon_core.environment:checking '/home/tony/town_ws/install/village_interfaces/bin'
[0.773s] Level 1:colcon.colcon_core.environment:checking '/home/tony/town_ws/install/village_interfaces/lib/pkgconfig/village_interfaces.pc'
[0.773s] Level 1:colcon.colcon_core.environment:checking '/home/tony/town_ws/install/village_interfaces/lib/python3.8/site-packages'
[0.773s] Level 1:colcon.colcon_core.shell:create_environment_hook('village_interfaces', 'pythonpath')
[0.774s] INFO:colcon.colcon_core.shell:Creating environment hook '/home/tony/town_ws/install/village_interfaces/share/village_interfaces/hook/pythonpath.ps1'
[0.774s] INFO:colcon.colcon_core.shell:Creating environment descriptor '/home/tony/town_ws/install/village_interfaces/share/village_interfaces/hook/pythonpath.dsv'
[0.774s] INFO:colcon.colcon_core.shell:Creating environment hook '/home/tony/town_ws/install/village_interfaces/share/village_interfaces/hook/pythonpath.sh'
[0.774s] Level 1:colcon.colcon_core.environment:checking '/home/tony/town_ws/install/village_interfaces/bin'
[0.775s] INFO:colcon.colcon_core.shell:Creating package script '/home/tony/town_ws/install/village_interfaces/share/village_interfaces/package.ps1'
[0.775s] INFO:colcon.colcon_core.shell:Creating package descriptor '/home/tony/town_ws/install/village_interfaces/share/village_interfaces/package.dsv'
[0.776s] INFO:colcon.colcon_core.shell:Creating package script '/home/tony/town_ws/install/village_interfaces/share/village_interfaces/package.sh'
[0.776s] INFO:colcon.colcon_core.shell:Creating package script '/home/tony/town_ws/install/village_interfaces/share/village_interfaces/package.bash'
[0.777s] INFO:colcon.colcon_core.shell:Creating package script '/home/tony/town_ws/install/village_interfaces/share/village_interfaces/package.zsh'
[0.777s] Level 1:colcon.colcon_core.environment:create_file_with_runtime_dependencies(/home/tony/town_ws/install/village_interfaces/share/colcon-core/packages/village_interfaces)
[0.849s] Level 1:colcon.colcon_core.environment:create_environment_scripts_only(village_interfaces)
[0.850s] Level 1:colcon.colcon_core.environment:checking '/home/tony/town_ws/install/village_interfaces' for CMake module files
[0.851s] Level 1:colcon.colcon_core.environment:checking '/home/tony/town_ws/install/village_interfaces' for CMake config files
[0.852s] Level 1:colcon.colcon_core.shell:create_environment_hook('village_interfaces', 'cmake_prefix_path')
[0.852s] INFO:colcon.colcon_core.shell:Creating environment hook '/home/tony/town_ws/install/village_interfaces/share/village_interfaces/hook/cmake_prefix_path.ps1'
[0.853s] INFO:colcon.colcon_core.shell:Creating environment descriptor '/home/tony/town_ws/install/village_interfaces/share/village_interfaces/hook/cmake_prefix_path.dsv'
[0.853s] INFO:colcon.colcon_core.shell:Creating environment hook '/home/tony/town_ws/install/village_interfaces/share/village_interfaces/hook/cmake_prefix_path.sh'
[0.854s] Level 1:colcon.colcon_core.environment:checking '/home/tony/town_ws/install/village_interfaces/lib'
[0.854s] Level 1:colcon.colcon_core.shell:create_environment_hook('village_interfaces', 'ld_library_path_lib')
[0.854s] INFO:colcon.colcon_core.shell:Creating environment hook '/home/tony/town_ws/install/village_interfaces/share/village_interfaces/hook/ld_library_path_lib.ps1'
[0.855s] INFO:colcon.colcon_core.shell:Creating environment descriptor '/home/tony/town_ws/install/village_interfaces/share/village_interfaces/hook/ld_library_path_lib.dsv'
[0.856s] INFO:colcon.colcon_core.shell:Creating environment hook '/home/tony/town_ws/install/village_interfaces/share/village_interfaces/hook/ld_library_path_lib.sh'
[0.856s] Level 1:colcon.colcon_core.environment:checking '/home/tony/town_ws/install/village_interfaces/bin'
[0.857s] Level 1:colcon.colcon_core.environment:checking '/home/tony/town_ws/install/village_interfaces/lib/pkgconfig/village_interfaces.pc'
[0.857s] Level 1:colcon.colcon_core.environment:checking '/home/tony/town_ws/install/village_interfaces/lib/python3.8/site-packages'
[0.857s] Level 1:colcon.colcon_core.shell:create_environment_hook('village_interfaces', 'pythonpath')
[0.857s] INFO:colcon.colcon_core.shell:Creating environment hook '/home/tony/town_ws/install/village_interfaces/share/village_interfaces/hook/pythonpath.ps1'
[0.858s] INFO:colcon.colcon_core.shell:Creating environment descriptor '/home/tony/town_ws/install/village_interfaces/share/village_interfaces/hook/pythonpath.dsv'
[0.858s] INFO:colcon.colcon_core.shell:Creating environment hook '/home/tony/town_ws/install/village_interfaces/share/village_interfaces/hook/pythonpath.sh'
[0.859s] Level 1:colcon.colcon_core.environment:checking '/home/tony/town_ws/install/village_interfaces/bin'
[0.860s] INFO:colcon.colcon_core.shell:Creating package script '/home/tony/town_ws/install/village_interfaces/share/village_interfaces/package.ps1'
[0.861s] INFO:colcon.colcon_core.shell:Creating package descriptor '/home/tony/town_ws/install/village_interfaces/share/village_interfaces/package.dsv'
[0.862s] INFO:colcon.colcon_core.shell:Creating package script '/home/tony/town_ws/install/village_interfaces/share/village_interfaces/package.sh'
[0.863s] INFO:colcon.colcon_core.shell:Creating package script '/home/tony/town_ws/install/village_interfaces/share/village_interfaces/package.bash'
[0.864s] INFO:colcon.colcon_core.shell:Creating package script '/home/tony/town_ws/install/village_interfaces/share/village_interfaces/package.zsh'
[0.864s] Level 1:colcon.colcon_core.environment:create_file_with_runtime_dependencies(/home/tony/town_ws/install/village_interfaces/share/colcon-core/packages/village_interfaces)
[0.864s] INFO:colcon.colcon_ros.task.ament_python.build:Building ROS package in '/home/tony/town_ws/src/village_li' with build type 'ament_python'
[0.864s] Level 1:colcon.colcon_core.shell:create_environment_hook('village_li', 'ament_prefix_path')
[0.864s] INFO:colcon.colcon_core.shell:Creating environment hook '/home/tony/town_ws/install/village_li/share/village_li/hook/ament_prefix_path.ps1'
[0.865s] INFO:colcon.colcon_core.shell:Creating environment descriptor '/home/tony/town_ws/install/village_li/share/village_li/hook/ament_prefix_path.dsv'
[0.865s] INFO:colcon.colcon_core.shell:Creating environment hook '/home/tony/town_ws/install/village_li/share/village_li/hook/ament_prefix_path.sh'
[0.866s] INFO:colcon.colcon_core.shell:Skip shell extension 'powershell' for command environment: Not usable outside of PowerShell
[0.866s] DEBUG:colcon.colcon_core.shell:Skip shell extension 'dsv' for command environment
[0.870s] INFO:colcon.colcon_ros.task.ament_cmake.build:Building ROS package in '/home/tony/town_ws/src/village_wang' with build type 'ament_cmake'
[0.870s] INFO:colcon.colcon_cmake.task.cmake.build:Building CMake package in '/home/tony/town_ws/src/village_wang'
[0.870s] INFO:colcon.colcon_core.shell:Skip shell extension 'powershell' for command environment: Not usable outside of PowerShell
[0.870s] DEBUG:colcon.colcon_core.shell:Skip shell extension 'dsv' for command environment
[0.875s] INFO:colcon.colcon_ros.task.ament_cmake.build:Building ROS package in '/home/tony/town_ws/src/village_zhang' with build type 'ament_cmake'
[0.875s] INFO:colcon.colcon_cmake.task.cmake.build:Building CMake package in '/home/tony/town_ws/src/village_zhang'
[0.875s] INFO:colcon.colcon_core.shell:Skip shell extension 'powershell' for command environment: Not usable outside of PowerShell
[0.875s] DEBUG:colcon.colcon_core.shell:Skip shell extension 'dsv' for command environment
[1.050s] INFO:colcon.colcon_core.task.python.build:Building Python package in '/home/tony/town_ws/src/village_li'
[1.051s] INFO:colcon.colcon_core.shell:Skip shell extension 'powershell' for command environment: Not usable outside of PowerShell
[1.051s] DEBUG:colcon.colcon_core.shell:Skip shell extension 'dsv' for command environment
[1.061s] DEBUG:colcon.colcon_core.event_handler.log_command:Invoking command in '/home/tony/town_ws/build/village_wang': CMAKE_PREFIX_PATH=/home/tony/town_ws/install/village_interfaces:/home/tony/town_ws/install/village_zhang:/home/tony/town_ws/install/village_wang:/home/tony/town_ws/install/village_li:/opt/ros/foxy PYTHONPATH=/home/tony/town_ws/install/village_interfaces/lib/python3.8/site-packages:/home/tony/town_ws/install/village_li/lib/python3.8/site-packages:/opt/ros/foxy/lib/python3.8/site-packages /usr/bin/cmake --build /home/tony/town_ws/build/village_wang -- -j16 -l16
[1.063s] DEBUG:colcon.colcon_core.event_handler.log_command:Invoking command in '/home/tony/town_ws/build/village_zhang': CMAKE_PREFIX_PATH=/home/tony/town_ws/install/village_interfaces:/home/tony/town_ws/install/village_zhang:/home/tony/town_ws/install/village_wang:/home/tony/town_ws/install/village_li:/opt/ros/foxy PYTHONPATH=/home/tony/town_ws/install/village_interfaces/lib/python3.8/site-packages:/home/tony/town_ws/install/village_li/lib/python3.8/site-packages:/opt/ros/foxy/lib/python3.8/site-packages /usr/bin/cmake --build /home/tony/town_ws/build/village_zhang -- -j16 -l16
[1.128s] DEBUG:colcon.colcon_core.event_handler.log_command:Invoked command in '/home/tony/town_ws/build/village_wang' returned '0': CMAKE_PREFIX_PATH=/home/tony/town_ws/install/village_interfaces:/home/tony/town_ws/install/village_zhang:/home/tony/town_ws/install/village_wang:/home/tony/town_ws/install/village_li:/opt/ros/foxy PYTHONPATH=/home/tony/town_ws/install/village_interfaces/lib/python3.8/site-packages:/home/tony/town_ws/install/village_li/lib/python3.8/site-packages:/opt/ros/foxy/lib/python3.8/site-packages /usr/bin/cmake --build /home/tony/town_ws/build/village_wang -- -j16 -l16
[1.133s] DEBUG:colcon.colcon_core.event_handler.log_command:Invoked command in '/home/tony/town_ws/build/village_zhang' returned '0': CMAKE_PREFIX_PATH=/home/tony/town_ws/install/village_interfaces:/home/tony/town_ws/install/village_zhang:/home/tony/town_ws/install/village_wang:/home/tony/town_ws/install/village_li:/opt/ros/foxy PYTHONPATH=/home/tony/town_ws/install/village_interfaces/lib/python3.8/site-packages:/home/tony/town_ws/install/village_li/lib/python3.8/site-packages:/opt/ros/foxy/lib/python3.8/site-packages /usr/bin/cmake --build /home/tony/town_ws/build/village_zhang -- -j16 -l16
[1.154s] DEBUG:colcon.colcon_core.event_handler.log_command:Invoking command in '/home/tony/town_ws/build/village_wang': CMAKE_PREFIX_PATH=/home/tony/town_ws/install/village_interfaces:/home/tony/town_ws/install/village_zhang:/home/tony/town_ws/install/village_wang:/home/tony/town_ws/install/village_li:/opt/ros/foxy PYTHONPATH=/home/tony/town_ws/install/village_interfaces/lib/python3.8/site-packages:/home/tony/town_ws/install/village_li/lib/python3.8/site-packages:/opt/ros/foxy/lib/python3.8/site-packages /usr/bin/cmake --install /home/tony/town_ws/build/village_wang
[1.157s] DEBUG:colcon.colcon_core.event_handler.log_command:Invoking command in '/home/tony/town_ws/build/village_zhang': CMAKE_PREFIX_PATH=/home/tony/town_ws/install/village_interfaces:/home/tony/town_ws/install/village_zhang:/home/tony/town_ws/install/village_wang:/home/tony/town_ws/install/village_li:/opt/ros/foxy PYTHONPATH=/home/tony/town_ws/install/village_interfaces/lib/python3.8/site-packages:/home/tony/town_ws/install/village_li/lib/python3.8/site-packages:/opt/ros/foxy/lib/python3.8/site-packages /usr/bin/cmake --install /home/tony/town_ws/build/village_zhang
[1.165s] Level 1:colcon.colcon_core.environment:create_environment_scripts_only(village_wang)
[1.165s] Level 1:colcon.colcon_core.environment:checking '/home/tony/town_ws/install/village_wang' for CMake module files
[1.166s] DEBUG:colcon.colcon_core.event_handler.log_command:Invoked command in '/home/tony/town_ws/build/village_wang' returned '0': CMAKE_PREFIX_PATH=/home/tony/town_ws/install/village_interfaces:/home/tony/town_ws/install/village_zhang:/home/tony/town_ws/install/village_wang:/home/tony/town_ws/install/village_li:/opt/ros/foxy PYTHONPATH=/home/tony/town_ws/install/village_interfaces/lib/python3.8/site-packages:/home/tony/town_ws/install/village_li/lib/python3.8/site-packages:/opt/ros/foxy/lib/python3.8/site-packages /usr/bin/cmake --install /home/tony/town_ws/build/village_wang
[1.167s] Level 1:colcon.colcon_core.environment:checking '/home/tony/town_ws/install/village_wang' for CMake config files
[1.168s] Level 1:colcon.colcon_core.shell:create_environment_hook('village_wang', 'cmake_prefix_path')
[1.168s] INFO:colcon.colcon_core.shell:Creating environment hook '/home/tony/town_ws/install/village_wang/share/village_wang/hook/cmake_prefix_path.ps1'
[1.168s] INFO:colcon.colcon_core.shell:Creating environment descriptor '/home/tony/town_ws/install/village_wang/share/village_wang/hook/cmake_prefix_path.dsv'
[1.169s] INFO:colcon.colcon_core.shell:Creating environment hook '/home/tony/town_ws/install/village_wang/share/village_wang/hook/cmake_prefix_path.sh'
[1.169s] Level 1:colcon.colcon_core.environment:checking '/home/tony/town_ws/install/village_wang/lib'
[1.169s] Level 1:colcon.colcon_core.environment:checking '/home/tony/town_ws/install/village_wang/bin'
[1.169s] Level 1:colcon.colcon_core.environment:checking '/home/tony/town_ws/install/village_wang/lib/pkgconfig/village_wang.pc'
[1.169s] Level 1:colcon.colcon_core.environment:checking '/home/tony/town_ws/install/village_wang/lib/python3.8/site-packages'
[1.170s] Level 1:colcon.colcon_core.environment:checking '/home/tony/town_ws/install/village_wang/bin'
[1.170s] INFO:colcon.colcon_core.shell:Creating package script '/home/tony/town_ws/install/village_wang/share/village_wang/package.ps1'
[1.170s] INFO:colcon.colcon_core.shell:Creating package descriptor '/home/tony/town_ws/install/village_wang/share/village_wang/package.dsv'
[1.171s] INFO:colcon.colcon_core.shell:Creating package script '/home/tony/town_ws/install/village_wang/share/village_wang/package.sh'
[1.171s] INFO:colcon.colcon_core.shell:Creating package script '/home/tony/town_ws/install/village_wang/share/village_wang/package.bash'
[1.171s] INFO:colcon.colcon_core.shell:Creating package script '/home/tony/town_ws/install/village_wang/share/village_wang/package.zsh'
[1.172s] Level 1:colcon.colcon_core.environment:create_file_with_runtime_dependencies(/home/tony/town_ws/install/village_wang/share/colcon-core/packages/village_wang)
[1.175s] Level 1:colcon.colcon_core.environment:create_environment_scripts_only(village_zhang)
[1.175s] Level 1:colcon.colcon_core.environment:checking '/home/tony/town_ws/install/village_zhang' for CMake module files
[1.176s] DEBUG:colcon.colcon_core.event_handler.log_command:Invoked command in '/home/tony/town_ws/build/village_zhang' returned '0': CMAKE_PREFIX_PATH=/home/tony/town_ws/install/village_interfaces:/home/tony/town_ws/install/village_zhang:/home/tony/town_ws/install/village_wang:/home/tony/town_ws/install/village_li:/opt/ros/foxy PYTHONPATH=/home/tony/town_ws/install/village_interfaces/lib/python3.8/site-packages:/home/tony/town_ws/install/village_li/lib/python3.8/site-packages:/opt/ros/foxy/lib/python3.8/site-packages /usr/bin/cmake --install /home/tony/town_ws/build/village_zhang
[1.176s] Level 1:colcon.colcon_core.environment:checking '/home/tony/town_ws/install/village_zhang' for CMake config files
[1.176s] Level 1:colcon.colcon_core.shell:create_environment_hook('village_zhang', 'cmake_prefix_path')
[1.176s] INFO:colcon.colcon_core.shell:Creating environment hook '/home/tony/town_ws/install/village_zhang/share/village_zhang/hook/cmake_prefix_path.ps1'
[1.177s] INFO:colcon.colcon_core.shell:Creating environment descriptor '/home/tony/town_ws/install/village_zhang/share/village_zhang/hook/cmake_prefix_path.dsv'
[1.177s] INFO:colcon.colcon_core.shell:Creating environment hook '/home/tony/town_ws/install/village_zhang/share/village_zhang/hook/cmake_prefix_path.sh'
[1.177s] Level 1:colcon.colcon_core.environment:checking '/home/tony/town_ws/install/village_zhang/lib'
[1.177s] Level 1:colcon.colcon_core.environment:checking '/home/tony/town_ws/install/village_zhang/bin'
[1.177s] Level 1:colcon.colcon_core.environment:checking '/home/tony/town_ws/install/village_zhang/lib/pkgconfig/village_zhang.pc'
[1.178s] Level 1:colcon.colcon_core.environment:checking '/home/tony/town_ws/install/village_zhang/lib/python3.8/site-packages'
[1.178s] Level 1:colcon.colcon_core.environment:checking '/home/tony/town_ws/install/village_zhang/bin'
[1.178s] INFO:colcon.colcon_core.shell:Creating package script '/home/tony/town_ws/install/village_zhang/share/village_zhang/package.ps1'
[1.178s] INFO:colcon.colcon_core.shell:Creating package descriptor '/home/tony/town_ws/install/village_zhang/share/village_zhang/package.dsv'
[1.178s] INFO:colcon.colcon_core.shell:Creating package script '/home/tony/town_ws/install/village_zhang/share/village_zhang/package.sh'
[1.179s] INFO:colcon.colcon_core.shell:Creating package script '/home/tony/town_ws/install/village_zhang/share/village_zhang/package.bash'
[1.179s] INFO:colcon.colcon_core.shell:Creating package script '/home/tony/town_ws/install/village_zhang/share/village_zhang/package.zsh'
[1.179s] Level 1:colcon.colcon_core.environment:create_file_with_runtime_dependencies(/home/tony/town_ws/install/village_zhang/share/colcon-core/packages/village_zhang)
[1.197s] Level 1:colcon.colcon_core.environment:create_environment_scripts_only(village_wang)
[1.197s] Level 1:colcon.colcon_core.environment:checking '/home/tony/town_ws/install/village_wang' for CMake module files
[1.198s] Level 1:colcon.colcon_core.environment:checking '/home/tony/town_ws/install/village_wang' for CMake config files
[1.198s] Level 1:colcon.colcon_core.shell:create_environment_hook('village_wang', 'cmake_prefix_path')
[1.198s] INFO:colcon.colcon_core.shell:Creating environment hook '/home/tony/town_ws/install/village_wang/share/village_wang/hook/cmake_prefix_path.ps1'
[1.199s] INFO:colcon.colcon_core.shell:Creating environment descriptor '/home/tony/town_ws/install/village_wang/share/village_wang/hook/cmake_prefix_path.dsv'
[1.199s] INFO:colcon.colcon_core.shell:Creating environment hook '/home/tony/town_ws/install/village_wang/share/village_wang/hook/cmake_prefix_path.sh'
[1.199s] Level 1:colcon.colcon_core.environment:checking '/home/tony/town_ws/install/village_wang/lib'
[1.200s] Level 1:colcon.colcon_core.environment:checking '/home/tony/town_ws/install/village_wang/bin'
[1.200s] Level 1:colcon.colcon_core.environment:checking '/home/tony/town_ws/install/village_wang/lib/pkgconfig/village_wang.pc'
[1.200s] Level 1:colcon.colcon_core.environment:checking '/home/tony/town_ws/install/village_wang/lib/python3.8/site-packages'
[1.200s] Level 1:colcon.colcon_core.environment:checking '/home/tony/town_ws/install/village_wang/bin'
[1.200s] INFO:colcon.colcon_core.shell:Creating package script '/home/tony/town_ws/install/village_wang/share/village_wang/package.ps1'
[1.201s] INFO:colcon.colcon_core.shell:Creating package descriptor '/home/tony/town_ws/install/village_wang/share/village_wang/package.dsv'
[1.201s] INFO:colcon.colcon_core.shell:Creating package script '/home/tony/town_ws/install/village_wang/share/village_wang/package.sh'
[1.202s] INFO:colcon.colcon_core.shell:Creating package script '/home/tony/town_ws/install/village_wang/share/village_wang/package.bash'
[1.203s] INFO:colcon.colcon_core.shell:Creating package script '/home/tony/town_ws/install/village_wang/share/village_wang/package.zsh'
[1.203s] Level 1:colcon.colcon_core.environment:create_file_with_runtime_dependencies(/home/tony/town_ws/install/village_wang/share/colcon-core/packages/village_wang)
[1.205s] Level 1:colcon.colcon_core.environment:create_environment_scripts_only(village_zhang)
[1.205s] Level 1:colcon.colcon_core.environment:checking '/home/tony/town_ws/install/village_zhang' for CMake module files
[1.205s] Level 1:colcon.colcon_core.environment:checking '/home/tony/town_ws/install/village_zhang' for CMake config files
[1.205s] Level 1:colcon.colcon_core.shell:create_environment_hook('village_zhang', 'cmake_prefix_path')
[1.205s] INFO:colcon.colcon_core.shell:Creating environment hook '/home/tony/town_ws/install/village_zhang/share/village_zhang/hook/cmake_prefix_path.ps1'
[1.206s] INFO:colcon.colcon_core.shell:Creating environment descriptor '/home/tony/town_ws/install/village_zhang/share/village_zhang/hook/cmake_prefix_path.dsv'
[1.206s] INFO:colcon.colcon_core.shell:Creating environment hook '/home/tony/town_ws/install/village_zhang/share/village_zhang/hook/cmake_prefix_path.sh'
[1.206s] Level 1:colcon.colcon_core.environment:checking '/home/tony/town_ws/install/village_zhang/lib'
[1.206s] Level 1:colcon.colcon_core.environment:checking '/home/tony/town_ws/install/village_zhang/bin'
[1.206s] Level 1:colcon.colcon_core.environment:checking '/home/tony/town_ws/install/village_zhang/lib/pkgconfig/village_zhang.pc'
[1.206s] Level 1:colcon.colcon_core.environment:checking '/home/tony/town_ws/install/village_zhang/lib/python3.8/site-packages'
[1.207s] Level 1:colcon.colcon_core.environment:checking '/home/tony/town_ws/install/village_zhang/bin'
[1.207s] INFO:colcon.colcon_core.shell:Creating package script '/home/tony/town_ws/install/village_zhang/share/village_zhang/package.ps1'
[1.207s] INFO:colcon.colcon_core.shell:Creating package descriptor '/home/tony/town_ws/install/village_zhang/share/village_zhang/package.dsv'
[1.207s] INFO:colcon.colcon_core.shell:Creating package script '/home/tony/town_ws/install/village_zhang/share/village_zhang/package.sh'
[1.208s] INFO:colcon.colcon_core.shell:Creating package script '/home/tony/town_ws/install/village_zhang/share/village_zhang/package.bash'
[1.208s] INFO:colcon.colcon_core.shell:Creating package script '/home/tony/town_ws/install/village_zhang/share/village_zhang/package.zsh'
[1.208s] Level 1:colcon.colcon_core.environment:create_file_with_runtime_dependencies(/home/tony/town_ws/install/village_zhang/share/colcon-core/packages/village_zhang)
[1.374s] DEBUG:colcon.colcon_core.event_handler.log_command:Invoking command in '/home/tony/town_ws/src/village_li': CMAKE_PREFIX_PATH=/home/tony/town_ws/install/village_interfaces:/home/tony/town_ws/install/village_zhang:/home/tony/town_ws/install/village_wang PYTHONPATH=/home/tony/town_ws/build/village_li/prefix_override:/home/tony/town_ws/install/village_li/lib/python3.8/site-packages:/home/tony/town_ws/install/village_interfaces/lib/python3.8/site-packages:/home/tony/town_ws/install/village_li/lib/python3.8/site-packages:/opt/ros/foxy/lib/python3.8/site-packages /usr/bin/python3 -W ignore:setup.py install is deprecated setup.py egg_info --egg-base ../../build/village_li build --build-base /home/tony/town_ws/build/village_li/build install --record /home/tony/town_ws/build/village_li/install.log --install-scripts $base/lib/village_li --single-version-externally-managed install_data
[1.599s] Level 1:colcon.colcon_core.environment:checking '/home/tony/town_ws/install/village_li' for CMake module files
[1.600s] DEBUG:colcon.colcon_core.event_handler.log_command:Invoked command in '/home/tony/town_ws/src/village_li' returned '0': CMAKE_PREFIX_PATH=/home/tony/town_ws/install/village_interfaces:/home/tony/town_ws/install/village_zhang:/home/tony/town_ws/install/village_wang PYTHONPATH=/home/tony/town_ws/build/village_li/prefix_override:/home/tony/town_ws/install/village_li/lib/python3.8/site-packages:/home/tony/town_ws/install/village_interfaces/lib/python3.8/site-packages:/home/tony/town_ws/install/village_li/lib/python3.8/site-packages:/opt/ros/foxy/lib/python3.8/site-packages /usr/bin/python3 -W ignore:setup.py install is deprecated setup.py egg_info --egg-base ../../build/village_li build --build-base /home/tony/town_ws/build/village_li/build install --record /home/tony/town_ws/build/village_li/install.log --install-scripts $base/lib/village_li --single-version-externally-managed install_data
[1.601s] Level 1:colcon.colcon_core.environment:checking '/home/tony/town_ws/install/village_li' for CMake config files
[1.603s] Level 1:colcon.colcon_core.environment:checking '/home/tony/town_ws/install/village_li/lib'
[1.603s] Level 1:colcon.colcon_core.environment:checking '/home/tony/town_ws/install/village_li/bin'
[1.604s] Level 1:colcon.colcon_core.environment:checking '/home/tony/town_ws/install/village_li/lib/pkgconfig/village_li.pc'
[1.604s] Level 1:colcon.colcon_core.environment:checking '/home/tony/town_ws/install/village_li/lib/python3.8/site-packages'
[1.604s] Level 1:colcon.colcon_core.shell:create_environment_hook('village_li', 'pythonpath')
[1.605s] INFO:colcon.colcon_core.shell:Creating environment hook '/home/tony/town_ws/install/village_li/share/village_li/hook/pythonpath.ps1'
[1.606s] INFO:colcon.colcon_core.shell:Creating environment descriptor '/home/tony/town_ws/install/village_li/share/village_li/hook/pythonpath.dsv'
[1.607s] INFO:colcon.colcon_core.shell:Creating environment hook '/home/tony/town_ws/install/village_li/share/village_li/hook/pythonpath.sh'
[1.608s] Level 1:colcon.colcon_core.environment:checking '/home/tony/town_ws/install/village_li/bin'
[1.608s] Level 1:colcon.colcon_core.environment:create_environment_scripts_only(village_li)
[1.609s] INFO:colcon.colcon_core.shell:Creating package script '/home/tony/town_ws/install/village_li/share/village_li/package.ps1'
[1.610s] INFO:colcon.colcon_core.shell:Creating package descriptor '/home/tony/town_ws/install/village_li/share/village_li/package.dsv'
[1.611s] INFO:colcon.colcon_core.shell:Creating package script '/home/tony/town_ws/install/village_li/share/village_li/package.sh'
[1.612s] INFO:colcon.colcon_core.shell:Creating package script '/home/tony/town_ws/install/village_li/share/village_li/package.bash'
[1.612s] INFO:colcon.colcon_core.shell:Creating package script '/home/tony/town_ws/install/village_li/share/village_li/package.zsh'
[1.612s] Level 1:colcon.colcon_core.environment:create_file_with_runtime_dependencies(/home/tony/town_ws/install/village_li/share/colcon-core/packages/village_li)
[1.613s] DEBUG:colcon.colcon_parallel_executor.executor.parallel:closing loop
[1.613s] DEBUG:colcon.colcon_parallel_executor.executor.parallel:loop closed
[1.613s] DEBUG:colcon.colcon_parallel_executor.executor.parallel:run_until_complete finished with '0'
[1.613s] DEBUG:colcon.colcon_core.event_reactor:joining thread
[1.624s] INFO:colcon.colcon_core.plugin_system:Skipping extension 'colcon_notification.desktop_notification.terminal_notifier': Not used on non-Darwin systems
[1.624s] INFO:colcon.colcon_core.plugin_system:Skipping extension 'colcon_notification.desktop_notification.win32': Not used on non-Windows systems
[1.624s] INFO:colcon.colcon_notification.desktop_notification:Sending desktop notification using 'notify2'
[1.638s] DEBUG:colcon.colcon_core.event_reactor:joined thread
[1.638s] INFO:colcon.colcon_core.shell:Creating prefix script '/home/tony/town_ws/install/local_setup.ps1'
[1.639s] INFO:colcon.colcon_core.shell:Creating prefix util module '/home/tony/town_ws/install/_local_setup_util_ps1.py'
[1.640s] INFO:colcon.colcon_core.shell:Creating prefix chain script '/home/tony/town_ws/install/setup.ps1'
[1.641s] INFO:colcon.colcon_core.shell:Creating prefix script '/home/tony/town_ws/install/local_setup.sh'
[1.641s] INFO:colcon.colcon_core.shell:Creating prefix util module '/home/tony/town_ws/install/_local_setup_util_sh.py'
[1.642s] INFO:colcon.colcon_core.shell:Creating prefix chain script '/home/tony/town_ws/install/setup.sh'
[1.644s] INFO:colcon.colcon_core.shell:Creating prefix script '/home/tony/town_ws/install/local_setup.bash'
[1.644s] INFO:colcon.colcon_core.shell:Creating prefix chain script '/home/tony/town_ws/install/setup.bash'
[1.645s] INFO:colcon.colcon_core.shell:Creating prefix script '/home/tony/town_ws/install/local_setup.zsh'
[1.645s] INFO:colcon.colcon_core.shell:Creating prefix chain script '/home/tony/town_ws/install/setup.zsh'
