-- Found ament_cmake: 0.9.12 (/opt/ros/foxy/share/ament_cmake/cmake)
-- Using PYTHON_EXECUTABLE: /usr/bin/python3
-- Found rclcpp: 2.4.3 (/opt/ros/foxy/share/rclcpp/cmake)
-- Using all available rosidl_typesupport_c: rosidl_typesupport_fastrtps_c;rosidl_typesupport_introspection_c
-- Found rosidl_adapter: 1.3.1 (/opt/ros/foxy/share/rosidl_adapter/cmake)
-- Using all available rosidl_typesupport_cpp: rosidl_typesupport_fastrtps_cpp;rosidl_typesupport_introspection_cpp
-- Found rmw_implementation_cmake: 1.0.4 (/opt/ros/foxy/share/rmw_implementation_cmake/cmake)
-- Using RMW implementation 'rmw_fastrtps_cpp' as default
-- Found village_interfaces: 0.0.0 (/home/tony/town_ws/install/village_interfaces/share/village_interfaces/cmake)
-- Found ament_lint_auto: 0.9.8 (/opt/ros/foxy/share/ament_lint_auto/cmake)
-- Added test 'copyright' to check source files copyright and LICENSE
-- Added test 'cppcheck' to perform static code analysis on C / C++ code
-- Configured cppcheck include dirs: 
-- Configured cppcheck exclude dirs and/or files: 
-- Added test 'cpplint' to check C / C++ code against the Google style
-- Configured cpplint exclude dirs and/or files: 
-- Added test 'flake8' to check Python code syntax and style conventions
-- Added test 'lint_cmake' to check CMake code style
-- Added test 'pep257' to check Python code against some of the style conventions in PEP 257
-- Added test 'uncrustify' to check C / C++ code style
-- Configured uncrustify additional arguments: 
-- Added test 'xmllint' to check XML markup files
-- Configuring done
-- Generating done
-- Build files have been written to: /home/tony/town_ws/build/village_wang
[100%] Built target wang2_node
-- Install configuration: ""
-- Up-to-date: /home/tony/town_ws/install/village_wang/share/ament_index/resource_index/package_run_dependencies/village_wang
-- Installing: /home/tony/town_ws/install/village_wang/share/ament_index/resource_index/parent_prefix_path/village_wang
-- Up-to-date: /home/tony/town_ws/install/village_wang/share/village_wang/environment/ament_prefix_path.sh
-- Installing: /home/tony/town_ws/install/village_wang/share/village_wang/environment/ament_prefix_path.dsv
-- Up-to-date: /home/tony/town_ws/install/village_wang/share/village_wang/environment/path.sh
-- Installing: /home/tony/town_ws/install/village_wang/share/village_wang/environment/path.dsv
-- Up-to-date: /home/tony/town_ws/install/village_wang/share/village_wang/local_setup.bash
-- Up-to-date: /home/tony/town_ws/install/village_wang/share/village_wang/local_setup.sh
-- Up-to-date: /home/tony/town_ws/install/village_wang/share/village_wang/local_setup.zsh
-- Installing: /home/tony/town_ws/install/village_wang/share/village_wang/local_setup.dsv
-- Installing: /home/tony/town_ws/install/village_wang/share/village_wang/package.dsv
-- Up-to-date: /home/tony/town_ws/install/village_wang/share/ament_index/resource_index/packages/village_wang
-- Up-to-date: /home/tony/town_ws/install/village_wang/share/village_wang/cmake/village_wangConfig.cmake
-- Up-to-date: /home/tony/town_ws/install/village_wang/share/village_wang/cmake/village_wangConfig-version.cmake
-- Up-to-date: /home/tony/town_ws/install/village_wang/share/village_wang/package.xml
-- Up-to-date: /home/tony/town_ws/install/village_wang/lib/village_wang/wang2_node
-- Installing: /home/tony/town_ws/install/village_wang/share/village_wang/launch
-- Installing: /home/tony/town_ws/install/village_wang/share/village_wang/launch/village.launch.py
