[0.019s] Invoking command in '/home/tony/town_ws/build/village_wang': CMAKE_PREFIX_PATH=/home/tony/town_ws/install/village_interfaces:/home/tony/town_ws/install/village_zhang:/home/tony/town_ws/install/village_wang:/home/tony/town_ws/install/action_test_cpp:/home/tony/town_ws/install/village_li:/opt/ros/foxy PYTHONPATH=/home/tony/town_ws/install/village_interfaces/lib/python3.8/site-packages:/home/tony/town_ws/install/village_li/lib/python3.8/site-packages:/opt/ros/foxy/lib/python3.8/site-packages /usr/bin/cmake --build /home/tony/town_ws/build/village_wang -- -j16 -l16
[0.054s] -- Found ament_cmake: 0.9.12 (/opt/ros/foxy/share/ament_cmake/cmake)
[0.074s] -- Using PYTHON_EXECUTABLE: /usr/bin/python3
[0.226s] -- Found rclcpp: 2.4.3 (/opt/ros/foxy/share/rclcpp/cmake)
[0.252s] -- Using all available rosidl_typesupport_c: rosidl_typesupport_fastrtps_c;rosidl_typesupport_introspection_c
[0.255s] -- Found rosidl_adapter: 1.3.1 (/opt/ros/foxy/share/rosidl_adapter/cmake)
[0.364s] -- Using all available rosidl_typesupport_cpp: rosidl_typesupport_fastrtps_cpp;rosidl_typesupport_introspection_cpp
[0.399s] -- Found rmw_implementation_cmake: 1.0.4 (/opt/ros/foxy/share/rmw_implementation_cmake/cmake)
[0.400s] -- Using RMW implementation 'rmw_fastrtps_cpp' as default
[0.514s] -- Found village_interfaces: 0.0.0 (/home/tony/town_ws/install/village_interfaces/share/village_interfaces/cmake)
[0.683s] -- Found ament_lint_auto: 0.9.8 (/opt/ros/foxy/share/ament_lint_auto/cmake)
[0.744s] -- Added test 'copyright' to check source files copyright and LICENSE
[0.744s] -- Added test 'cppcheck' to perform static code analysis on C / C++ code
[0.745s] -- Configured cppcheck include dirs: 
[0.745s] -- Configured cppcheck exclude dirs and/or files: 
[0.745s] -- Added test 'cpplint' to check C / C++ code against the Google style
[0.745s] -- Configured cpplint exclude dirs and/or files: 
[0.745s] -- Added test 'flake8' to check Python code syntax and style conventions
[0.746s] -- Added test 'lint_cmake' to check CMake code style
[0.746s] -- Added test 'pep257' to check Python code against some of the style conventions in PEP 257
[0.747s] -- Added test 'uncrustify' to check C / C++ code style
[0.747s] -- Configured uncrustify additional arguments: 
[0.747s] -- Added test 'xmllint' to check XML markup files
[0.750s] -- Configuring done
[0.757s] -- Generating done
[0.758s] -- Build files have been written to: /home/tony/town_ws/build/village_wang
[0.830s] [100%] Built target wang2_node
[0.848s] Invoked command in '/home/tony/town_ws/build/village_wang' returned '0': CMAKE_PREFIX_PATH=/home/tony/town_ws/install/village_interfaces:/home/tony/town_ws/install/village_zhang:/home/tony/town_ws/install/village_wang:/home/tony/town_ws/install/action_test_cpp:/home/tony/town_ws/install/village_li:/opt/ros/foxy PYTHONPATH=/home/tony/town_ws/install/village_interfaces/lib/python3.8/site-packages:/home/tony/town_ws/install/village_li/lib/python3.8/site-packages:/opt/ros/foxy/lib/python3.8/site-packages /usr/bin/cmake --build /home/tony/town_ws/build/village_wang -- -j16 -l16
[0.920s] Invoking command in '/home/tony/town_ws/build/village_wang': CMAKE_PREFIX_PATH=/home/tony/town_ws/install/village_interfaces:/home/tony/town_ws/install/village_zhang:/home/tony/town_ws/install/village_wang:/home/tony/town_ws/install/action_test_cpp:/home/tony/town_ws/install/village_li:/opt/ros/foxy PYTHONPATH=/home/tony/town_ws/install/village_interfaces/lib/python3.8/site-packages:/home/tony/town_ws/install/village_li/lib/python3.8/site-packages:/opt/ros/foxy/lib/python3.8/site-packages /usr/bin/cmake --install /home/tony/town_ws/build/village_wang
[0.930s] -- Install configuration: ""
[0.930s] -- Up-to-date: /home/tony/town_ws/install/village_wang/share/ament_index/resource_index/package_run_dependencies/village_wang
[0.930s] -- Installing: /home/tony/town_ws/install/village_wang/share/ament_index/resource_index/parent_prefix_path/village_wang
[0.930s] -- Up-to-date: /home/tony/town_ws/install/village_wang/share/village_wang/environment/ament_prefix_path.sh
[0.930s] -- Installing: /home/tony/town_ws/install/village_wang/share/village_wang/environment/ament_prefix_path.dsv
[0.930s] -- Up-to-date: /home/tony/town_ws/install/village_wang/share/village_wang/environment/path.sh
[0.930s] -- Installing: /home/tony/town_ws/install/village_wang/share/village_wang/environment/path.dsv
[0.930s] -- Up-to-date: /home/tony/town_ws/install/village_wang/share/village_wang/local_setup.bash
[0.931s] -- Up-to-date: /home/tony/town_ws/install/village_wang/share/village_wang/local_setup.sh
[0.931s] -- Up-to-date: /home/tony/town_ws/install/village_wang/share/village_wang/local_setup.zsh
[0.931s] -- Installing: /home/tony/town_ws/install/village_wang/share/village_wang/local_setup.dsv
[0.931s] -- Installing: /home/tony/town_ws/install/village_wang/share/village_wang/package.dsv
[0.931s] -- Up-to-date: /home/tony/town_ws/install/village_wang/share/ament_index/resource_index/packages/village_wang
[0.931s] -- Up-to-date: /home/tony/town_ws/install/village_wang/share/village_wang/cmake/village_wangConfig.cmake
[0.931s] -- Up-to-date: /home/tony/town_ws/install/village_wang/share/village_wang/cmake/village_wangConfig-version.cmake
[0.931s] -- Up-to-date: /home/tony/town_ws/install/village_wang/share/village_wang/package.xml
[0.931s] -- Up-to-date: /home/tony/town_ws/install/village_wang/lib/village_wang/wang2_node
[0.931s] -- Installing: /home/tony/town_ws/install/village_wang/share/village_wang/launch
[0.931s] -- Installing: /home/tony/town_ws/install/village_wang/share/village_wang/launch/village.launch.py
[0.933s] Invoked command in '/home/tony/town_ws/build/village_wang' returned '0': CMAKE_PREFIX_PATH=/home/tony/town_ws/install/village_interfaces:/home/tony/town_ws/install/village_zhang:/home/tony/town_ws/install/village_wang:/home/tony/town_ws/install/action_test_cpp:/home/tony/town_ws/install/village_li:/opt/ros/foxy PYTHONPATH=/home/tony/town_ws/install/village_interfaces/lib/python3.8/site-packages:/home/tony/town_ws/install/village_li/lib/python3.8/site-packages:/opt/ros/foxy/lib/python3.8/site-packages /usr/bin/cmake --install /home/tony/town_ws/build/village_wang
